#
# There is insufficient memory for the Java Runtime Environment to continue.
# Native memory allocation (malloc) failed to allocate 1236592 bytes. Error detail: Chunk::new
# Possible reasons:
#   The system is out of physical RAM or swap space
#   This process is running with CompressedOops enabled, and the Java Heap may be blocking the growth of the native heap
# Possible solutions:
#   Reduce memory load on the system
#   Increase physical memory or swap space
#   Check if swap backing store is full
#   Decrease Java heap size (-Xmx/-Xms)
#   Decrease number of Java threads
#   Decrease Java thread stack sizes (-Xss)
#   Set larger code cache with -XX:ReservedCodeCacheSize=
#   JVM is running with Unscaled Compressed Oops mode in which the Java heap is
#     placed in the first 4GB address space. The Java Heap base address is the
#     maximum limit for the native heap growth. Please use -XX:HeapBaseMinAddress
#     to set the Java Heap base and to place the Java Heap above 4GB virtual address.
# This output file may be truncated or incomplete.
#
#  Out of Memory Error (arena.cpp:168), pid=13348, tid=7876
#
# JRE version: OpenJDK Runtime Environment Temurin-21.0.10+7 (21.0.10+7) (build 21.0.10+7-LTS)
# Java VM: OpenJDK 64-Bit Server VM Temurin-21.0.10+7 (21.0.10+7-LTS, mixed mode, sharing, tiered, compressed oops, compressed class ptrs, parallel gc, windows-amd64)
# No core dump will be written. Minidumps are not enabled by default on client versions of Windows
#

---------------  S U M M A R Y ------------

Command Line: --add-modules=ALL-SYSTEM --add-opens=java.base/java.util=ALL-UNNAMED --add-opens=java.base/java.lang=ALL-UNNAMED --add-opens=java.base/sun.nio.fs=ALL-UNNAMED -Declipse.application=org.eclipse.jdt.ls.core.id1 -Dosgi.bundles.defaultStartLevel=4 -Declipse.product=org.eclipse.jdt.ls.core.product -Djava.import.generatesMetadataFilesAtProjectRoot=false -DDetectVMInstallationsJob.disabled=true -Dfile.encoding=utf8 -XX:+UseParallelGC -XX:GCTimeRatio=4 -XX:AdaptiveSizePolicyWeight=90 -Dsun.zip.disableMemoryMapping=true -Xmx2G -Xms100m -Xlog:disable -javaagent:c:\Users\welcome\.vscode\extensions\redhat.java-1.54.0-win32-x64\lombok\lombok-1.18.39-4050.jar -XX:+HeapDumpOnOutOfMemoryError -XX:HeapDumpPath=c:\Users\welcome\AppData\Roaming\Code\User\workspaceStorage\516c3c7fa515dde9b4f0dad9b16ca6d3\redhat.java -Daether.dependencyCollector.impl=bf c:\Users\welcome\.vscode\extensions\redhat.java-1.54.0-win32-x64\server\plugins\org.eclipse.equinox.launcher_1.7.100.v20251111-0406.jar -configuration c:\Users\welcome\AppData\Roaming\Code\User\globalStorage\redhat.java\1.54.0\config_win -data c:\Users\welcome\AppData\Roaming\Code\User\workspaceStorage\516c3c7fa515dde9b4f0dad9b16ca6d3\redhat.java\jdt_ws --pipe=\\.\pipe\lsp-585558d0d1a47f14334af8826cc383dc-sock

Host: 11th Gen Intel(R) Core(TM) i5-11320H @ 3.20GHz, 8 cores, 7G,  Windows 11 , 64 bit Build 26100 (10.0.26100.8328)
Time: Wed May 27 01:27:00 2026 India Standard Time elapsed time: 5.943275 seconds (0d 0h 0m 5s)

---------------  T H R E A D  ---------------

Current thread (0x000001c68ee0cc10):  JavaThread "C2 CompilerThread2" daemon [_thread_in_native, id=7876, stack(0x000000a3b2100000,0x000000a3b2200000) (1024K)]


Current CompileTask:
C2:5943 3124       4       java.lang.invoke.MethodType::makeImpl (109 bytes)

Stack: [0x000000a3b2100000,0x000000a3b2200000]
Native frames: (J=compiled Java code, j=interpreted, Vv=VM code, C=native code)
V  [jvm.dll+0x6d7a39]
V  [jvm.dll+0x8b4b26]
V  [jvm.dll+0x8b70de]
V  [jvm.dll+0x8b77c3]
V  [jvm.dll+0x284346]
V  [jvm.dll+0xc66ed]
V  [jvm.dll+0xc6c31]
V  [jvm.dll+0x3bec3b]
V  [jvm.dll+0x1e3f69]
V  [jvm.dll+0x24c6b3]
V  [jvm.dll+0x24bb40]
V  [jvm.dll+0x1cb34e]
V  [jvm.dll+0x25b85d]
V  [jvm.dll+0x259dea]
V  [jvm.dll+0x3f857e]
V  [jvm.dll+0x85f59d]
V  [jvm.dll+0x6d626d]
C  [ucrtbase.dll+0x37b0]
C  [KERNEL32.DLL+0x2e957]
C  [ntdll.dll+0x427c]


---------------  P R O C E S S  ---------------

Threads class SMR info:
_java_thread_list=0x000001c68ec15190, length=23, elements={
0x000001c6303dc1d0, 0x000001c63049b690, 0x000001c63049e2e0, 0x000001c646e59450,
0x000001c646e5df70, 0x000001c646e61ab0, 0x000001c646e68dd0, 0x000001c646e6d770,
0x000001c646e6eed0, 0x000001c689927200, 0x000001c689ab4fe0, 0x000001c68e6ae020,
0x000001c68e8872c0, 0x000001c68e909710, 0x000001c68e8e3570, 0x000001c68ecd95b0,
0x000001c68ea6f690, 0x000001c68e74e8a0, 0x000001c68ee0cc10, 0x000001c68ecf2330,
0x000001c68ecf29c0, 0x000001c68ecf3050, 0x000001c68ecf36e0
}

Java Threads: ( => current thread )
  0x000001c6303dc1d0 JavaThread "main"                              [_thread_blocked, id=6320, stack(0x000000a3b0500000,0x000000a3b0600000) (1024K)]
  0x000001c63049b690 JavaThread "Reference Handler"          daemon [_thread_blocked, id=14420, stack(0x000000a3b0900000,0x000000a3b0a00000) (1024K)]
  0x000001c63049e2e0 JavaThread "Finalizer"                  daemon [_thread_blocked, id=15884, stack(0x000000a3b0a00000,0x000000a3b0b00000) (1024K)]
  0x000001c646e59450 JavaThread "Signal Dispatcher"          daemon [_thread_blocked, id=22452, stack(0x000000a3b0b00000,0x000000a3b0c00000) (1024K)]
  0x000001c646e5df70 JavaThread "Attach Listener"            daemon [_thread_blocked, id=22880, stack(0x000000a3b0c00000,0x000000a3b0d00000) (1024K)]
  0x000001c646e61ab0 JavaThread "Service Thread"             daemon [_thread_blocked, id=10984, stack(0x000000a3b0d00000,0x000000a3b0e00000) (1024K)]
  0x000001c646e68dd0 JavaThread "Monitor Deflation Thread"   daemon [_thread_blocked, id=4040, stack(0x000000a3b0e00000,0x000000a3b0f00000) (1024K)]
  0x000001c646e6d770 JavaThread "C2 CompilerThread0"         daemon [_thread_in_native, id=17792, stack(0x000000a3b0f00000,0x000000a3b1000000) (1024K)]
  0x000001c646e6eed0 JavaThread "C1 CompilerThread0"         daemon [_thread_blocked, id=12812, stack(0x000000a3b1000000,0x000000a3b1100000) (1024K)]
  0x000001c689927200 JavaThread "Common-Cleaner"             daemon [_thread_blocked, id=16788, stack(0x000000a3b1100000,0x000000a3b1200000) (1024K)]
  0x000001c689ab4fe0 JavaThread "Notification Thread"        daemon [_thread_blocked, id=20368, stack(0x000000a3b1300000,0x000000a3b1400000) (1024K)]
  0x000001c68e6ae020 JavaThread "Active Thread: Equinox Container: 9bc80250-f071-46c4-a166-28cdda013604"        [_thread_blocked, id=3768, stack(0x000000a3b1b00000,0x000000a3b1c00000) (1024K)]
  0x000001c68e8872c0 JavaThread "Refresh Thread: Equinox Container: 9bc80250-f071-46c4-a166-28cdda013604" daemon [_thread_blocked, id=11556, stack(0x000000a3b1d00000,0x000000a3b1e00000) (1024K)]
  0x000001c68e909710 JavaThread "Framework Event Dispatcher: Equinox Container: 9bc80250-f071-46c4-a166-28cdda013604" daemon [_thread_blocked, id=9928, stack(0x000000a3b1e00000,0x000000a3b1f00000) (1024K)]
  0x000001c68e8e3570 JavaThread "Start Level: Equinox Container: 9bc80250-f071-46c4-a166-28cdda013604" daemon [_thread_in_Java, id=19556, stack(0x000000a3b1f00000,0x000000a3b2000000) (1024K)]
  0x000001c68ecd95b0 JavaThread "Bundle File Closer"         daemon [_thread_blocked, id=14384, stack(0x000000a3b2000000,0x000000a3b2100000) (1024K)]
  0x000001c68ea6f690 JavaThread "SCR Component Actor"        daemon [_thread_blocked, id=22268, stack(0x000000a3b1200000,0x000000a3b1300000) (1024K)]
  0x000001c68e74e8a0 JavaThread "C2 CompilerThread1"         daemon [_thread_blocked, id=3940, stack(0x000000a3b1400000,0x000000a3b1500000) (1024K)]
=>0x000001c68ee0cc10 JavaThread "C2 CompilerThread2"         daemon [_thread_in_native, id=7876, stack(0x000000a3b2100000,0x000000a3b2200000) (1024K)]
  0x000001c68ecf2330 JavaThread "Worker-JM"                         [_thread_blocked, id=20304, stack(0x000000a3b2200000,0x000000a3b2300000) (1024K)]
  0x000001c68ecf29c0 JavaThread "JNA Cleaner"                daemon [_thread_blocked, id=17176, stack(0x000000a3b2300000,0x000000a3b2400000) (1024K)]
  0x000001c68ecf3050 JavaThread "Worker-0: Checking project encoding"        [_thread_blocked, id=19072, stack(0x000000a3b2400000,0x000000a3b2500000) (1024K)]
  0x000001c68ecf36e0 JavaThread "Worker-1"                          [_thread_blocked, id=9604, stack(0x000000a3b2500000,0x000000a3b2600000) (1024K)]
Total: 23

Other Threads:
  0x000001c6304807a0 VMThread "VM Thread"                           [id=15264, stack(0x000000a3b0800000,0x000000a3b0900000) (1024K)]
  0x000001c63044c160 WatcherThread "VM Periodic Task Thread"        [id=9272, stack(0x000000a3b0700000,0x000000a3b0800000) (1024K)]
  0x000001c6303fca00 WorkerThread "GC Thread#0"                     [id=10320, stack(0x000000a3b0600000,0x000000a3b0700000) (1024K)]
  0x000001c68e6950a0 WorkerThread "GC Thread#1"                     [id=19196, stack(0x000000a3b1500000,0x000000a3b1600000) (1024K)]
  0x000001c68e18c7b0 WorkerThread "GC Thread#2"                     [id=13576, stack(0x000000a3b1600000,0x000000a3b1700000) (1024K)]
  0x000001c68e3cdb50 WorkerThread "GC Thread#3"                     [id=12900, stack(0x000000a3b1700000,0x000000a3b1800000) (1024K)]
  0x000001c68e3cdf00 WorkerThread "GC Thread#4"                     [id=6660, stack(0x000000a3b1800000,0x000000a3b1900000) (1024K)]
  0x000001c68e52b2c0 WorkerThread "GC Thread#5"                     [id=23196, stack(0x000000a3b1900000,0x000000a3b1a00000) (1024K)]
  0x000001c68e52ba80 WorkerThread "GC Thread#6"                     [id=11112, stack(0x000000a3b1a00000,0x000000a3b1b00000) (1024K)]
  0x000001c68e880a30 WorkerThread "GC Thread#7"                     [id=17532, stack(0x000000a3b1c00000,0x000000a3b1d00000) (1024K)]
Total: 10

Threads with active compile tasks:
C1 CompilerThread0  5981 3374       3       org.objectweb.asm.SymbolTable::addConstantNameAndType (137 bytes)
C2 CompilerThread2  5982 3124       4       java.lang.invoke.MethodType::makeImpl (109 bytes)
Total: 2

VM state: not at safepoint (normal execution)

VM Mutex/Monitor currently owned by a thread: None

Heap address: 0x0000000080000000, size: 2048 MB, Compressed Oops mode: 32-bit

CDS archive(s) mapped at: [0x000001c647000000-0x000001c647ba0000-0x000001c647ba0000), size 12189696, SharedBaseAddress: 0x000001c647000000, ArchiveRelocationMode: 1.
Compressed class space mapped at: 0x000001c648000000-0x000001c688000000, reserved size: 1073741824
Narrow klass base: 0x000001c647000000, Narrow klass shift: 0, Narrow klass range: 0x100000000

GC Precious Log:
 CardTable entry size: 512
 CPUs: 8 total, 8 available
 Memory: 7975M
 Large Page Support: Disabled
 NUMA Support: Disabled
 Compressed Oops: Enabled (32-bit)
 Alignments: Space 512K, Generation 512K, Heap 2M
 Heap Min Capacity: 100M
 Heap Initial Capacity: 100M
 Heap Max Capacity: 2G
 Pre-touch: Disabled
 Parallel Workers: 8

Heap:
 PSYoungGen      total 29184K, used 24348K [0x00000000d5580000, 0x00000000d7900000, 0x0000000100000000)
  eden space 25088K, 80% used [0x00000000d5580000,0x00000000d694cf18,0x00000000d6e00000)
  from space 4096K, 99% used [0x00000000d6e80000,0x00000000d727a408,0x00000000d7280000)
  to   space 5632K, 0% used [0x00000000d7380000,0x00000000d7380000,0x00000000d7900000)
 ParOldGen       total 68608K, used 8097K [0x0000000080000000, 0x0000000084300000, 0x00000000d5580000)
  object space 68608K, 11% used [0x0000000080000000,0x00000000807e87a8,0x0000000084300000)
 Metaspace       used 18206K, committed 18944K, reserved 1114112K
  class space    used 1925K, committed 2240K, reserved 1048576K

Card table byte_map: [0x000001c62fd80000,0x000001c630190000] _byte_map_base: 0x000001c62f980000

Marking Bits: (ParMarkBitMap*) 0x00007ffe82363450
 Begin Bits: [0x000001c642890000, 0x000001c644890000)
 End Bits:   [0x000001c644890000, 0x000001c646890000)

Polling page: 0x000001c62e490000

Metaspace:

Usage:
  Non-class:     15.90 MB used.
      Class:      1.88 MB used.
       Both:     17.78 MB used.

Virtual space:
  Non-class space:       64.00 MB reserved,      16.31 MB ( 25%) committed,  1 nodes.
      Class space:        1.00 GB reserved,       2.19 MB ( <1%) committed,  1 nodes.
             Both:        1.06 GB reserved,      18.50 MB (  2%) committed. 

Chunk freelists:
   Non-Class:  15.08 MB
       Class:  13.78 MB
        Both:  28.85 MB

MaxMetaspaceSize: unlimited
CompressedClassSpaceSize: 1.00 GB
Initial GC threshold: 21.00 MB
Current GC threshold: 21.00 MB
CDS: on
 - commit_granule_bytes: 65536.
 - commit_granule_words: 8192.
 - virtual_space_node_default_size: 8388608.
 - enlarge_chunks_in_place: 1.
 - use_allocation_guard: 0.


Internal statistics:

num_allocs_failed_limit: 0.
num_arena_births: 558.
num_arena_deaths: 0.
num_vsnodes_births: 2.
num_vsnodes_deaths: 0.
num_space_committed: 296.
num_space_uncommitted: 0.
num_chunks_returned_to_freelist: 0.
num_chunks_taken_from_freelist: 1239.
num_chunk_merges: 0.
num_chunk_splits: 786.
num_chunks_enlarged: 510.
num_inconsistent_stats: 0.

CodeHeap 'non-profiled nmethods': size=120000Kb used=1527Kb max_used=1527Kb free=118472Kb
 bounds [0x000001c63b0b0000, 0x000001c63b320000, 0x000001c6425e0000]
CodeHeap 'profiled nmethods': size=120000Kb used=6746Kb max_used=6746Kb free=113253Kb
 bounds [0x000001c6335e0000, 0x000001c633c80000, 0x000001c63ab10000]
CodeHeap 'non-nmethods': size=5760Kb used=1285Kb max_used=1312Kb free=4474Kb
 bounds [0x000001c63ab10000, 0x000001c63ad80000, 0x000001c63b0b0000]
CodeCache: size=245760Kb, used=9558Kb, max_used=9585Kb, free=236199Kb
 total_blobs=3923, nmethods=3372, adapters=457, full_count=0
Compilation: enabled, stopped_count=0, restarted_count=0

Compilation events (20 events):
Event: 4.906 Thread 0x000001c646e6eed0 nmethod 3309 0x000001c633c47510 code [0x000001c633c476c0, 0x000001c633c47838]
Event: 4.906 Thread 0x000001c646e6eed0 3310       3       org.objectweb.asm.ClassReader::readCode (5117 bytes)
Event: 4.909 Thread 0x000001c646e6d770 nmethod 3290 0x000001c63b226a10 code [0x000001c63b226be0, 0x000001c63b2274c0]
Event: 4.909 Thread 0x000001c646e6d770 3308       4       org.objectweb.asm.ClassReader::readBytecodeInstructionOffset (1 bytes)
Event: 4.909 Thread 0x000001c646e6d770 nmethod 3308 0x000001c63b227910 code [0x000001c63b227aa0, 0x000001c63b227b28]
Event: 4.909 Thread 0x000001c68e74e8a0 nmethod 3302 0x000001c63b227c10 code [0x000001c63b227de0, 0x000001c63b2281b0]
Event: 4.911 Thread 0x000001c68e74e8a0 3315       4       jdk.internal.misc.Unsafe::putIntUnaligned (14 bytes)
Event: 4.912 Thread 0x000001c68e74e8a0 nmethod 3315 0x000001c63b228510 code [0x000001c63b2286a0, 0x000001c63b228758]
Event: 4.919 Thread 0x000001c68e74e8a0 3324       4       java.lang.Math::ceil (5 bytes)
Event: 4.920 Thread 0x000001c646e6d770 3327       4       java.util.Collections$UnmodifiableCollection::size (10 bytes)
Event: 4.920 Thread 0x000001c68e74e8a0 nmethod 3324 0x000001c63b228c10 code [0x000001c63b228de0, 0x000001c63b228f30]
Event: 4.920 Thread 0x000001c68e74e8a0 3330       4       java.lang.Class::cast (27 bytes)
Event: 4.921 Thread 0x000001c646e6d770 nmethod 3327 0x000001c63b229090 code [0x000001c63b229220, 0x000001c63b2292f8]
Event: 4.921 Thread 0x000001c646e6d770 3331       4       java.util.Arrays::rangeCheck (74 bytes)
Event: 4.921 Thread 0x000001c68e74e8a0 nmethod 3330 0x000001c63b229410 code [0x000001c63b2295a0, 0x000001c63b2296b8]
Event: 4.921 Thread 0x000001c646e6d770 nmethod 3331 0x000001c63b229790 code [0x000001c63b229920, 0x000001c63b2299e8]
Event: 4.923 Thread 0x000001c646e6d770 3340       4       java.util.zip.Inflater::ensureOpen (47 bytes)
Event: 4.924 Thread 0x000001c646e6d770 nmethod 3340 0x000001c63b229a90 code [0x000001c63b229c20, 0x000001c63b229cf0]
Event: 4.924 Thread 0x000001c646e6d770 3342       4       java.util.Collections$UnmodifiableList::get (11 bytes)
Event: 4.926 Thread 0x000001c646e6d770 nmethod 3342 0x000001c63b229d90 code [0x000001c63b229f40, 0x000001c63b22a0b0]

GC Heap History (10 events):
Event: 0.520 GC heap before
{Heap before GC invocations=1 (full 0):
 PSYoungGen      total 29696K, used 25600K [0x00000000d5580000, 0x00000000d7680000, 0x0000000100000000)
  eden space 25600K, 100% used [0x00000000d5580000,0x00000000d6e80000,0x00000000d6e80000)
  from space 4096K, 0% used [0x00000000d7280000,0x00000000d7280000,0x00000000d7680000)
  to   space 4096K, 0% used [0x00000000d6e80000,0x00000000d6e80000,0x00000000d7280000)
 ParOldGen       total 68608K, used 0K [0x0000000080000000, 0x0000000084300000, 0x00000000d5580000)
  object space 68608K, 0% used [0x0000000080000000,0x0000000080000000,0x0000000084300000)
 Metaspace       used 4341K, committed 4608K, reserved 1114112K
  class space    used 474K, committed 576K, reserved 1048576K
}
Event: 0.526 GC heap after
{Heap after GC invocations=1 (full 0):
 PSYoungGen      total 29696K, used 3287K [0x00000000d5580000, 0x00000000d7680000, 0x0000000100000000)
  eden space 25600K, 0% used [0x00000000d5580000,0x00000000d5580000,0x00000000d6e80000)
  from space 4096K, 80% used [0x00000000d6e80000,0x00000000d71b5ea8,0x00000000d7280000)
  to   space 4096K, 0% used [0x00000000d7280000,0x00000000d7280000,0x00000000d7680000)
 ParOldGen       total 68608K, used 16K [0x0000000080000000, 0x0000000084300000, 0x00000000d5580000)
  object space 68608K, 0% used [0x0000000080000000,0x0000000080004000,0x0000000084300000)
 Metaspace       used 4341K, committed 4608K, reserved 1114112K
  class space    used 474K, committed 576K, reserved 1048576K
}
Event: 1.194 GC heap before
{Heap before GC invocations=2 (full 0):
 PSYoungGen      total 29696K, used 28887K [0x00000000d5580000, 0x00000000d7680000, 0x0000000100000000)
  eden space 25600K, 100% used [0x00000000d5580000,0x00000000d6e80000,0x00000000d6e80000)
  from space 4096K, 80% used [0x00000000d6e80000,0x00000000d71b5ea8,0x00000000d7280000)
  to   space 4096K, 0% used [0x00000000d7280000,0x00000000d7280000,0x00000000d7680000)
 ParOldGen       total 68608K, used 16K [0x0000000080000000, 0x0000000084300000, 0x00000000d5580000)
  object space 68608K, 0% used [0x0000000080000000,0x0000000080004000,0x0000000084300000)
 Metaspace       used 7979K, committed 8256K, reserved 1114112K
  class space    used 831K, committed 960K, reserved 1048576K
}
Event: 1.200 GC heap after
{Heap after GC invocations=2 (full 0):
 PSYoungGen      total 29696K, used 4064K [0x00000000d5580000, 0x00000000d7680000, 0x0000000100000000)
  eden space 25600K, 0% used [0x00000000d5580000,0x00000000d5580000,0x00000000d6e80000)
  from space 4096K, 99% used [0x00000000d7280000,0x00000000d7678138,0x00000000d7680000)
  to   space 4096K, 0% used [0x00000000d6e80000,0x00000000d6e80000,0x00000000d7280000)
 ParOldGen       total 68608K, used 2099K [0x0000000080000000, 0x0000000084300000, 0x00000000d5580000)
  object space 68608K, 3% used [0x0000000080000000,0x000000008020cfd0,0x0000000084300000)
 Metaspace       used 7979K, committed 8256K, reserved 1114112K
  class space    used 831K, committed 960K, reserved 1048576K
}
Event: 1.524 GC heap before
{Heap before GC invocations=3 (full 0):
 PSYoungGen      total 29696K, used 29664K [0x00000000d5580000, 0x00000000d7680000, 0x0000000100000000)
  eden space 25600K, 100% used [0x00000000d5580000,0x00000000d6e80000,0x00000000d6e80000)
  from space 4096K, 99% used [0x00000000d7280000,0x00000000d7678138,0x00000000d7680000)
  to   space 4096K, 0% used [0x00000000d6e80000,0x00000000d6e80000,0x00000000d7280000)
 ParOldGen       total 68608K, used 2099K [0x0000000080000000, 0x0000000084300000, 0x00000000d5580000)
  object space 68608K, 3% used [0x0000000080000000,0x000000008020cfd0,0x0000000084300000)
 Metaspace       used 9428K, committed 9728K, reserved 1114112K
  class space    used 1006K, committed 1152K, reserved 1048576K
}
Event: 1.529 GC heap after
{Heap after GC invocations=3 (full 0):
 PSYoungGen      total 29696K, used 4090K [0x00000000d5580000, 0x00000000d7680000, 0x0000000100000000)
  eden space 25600K, 0% used [0x00000000d5580000,0x00000000d5580000,0x00000000d6e80000)
  from space 4096K, 99% used [0x00000000d6e80000,0x00000000d727e948,0x00000000d7280000)
  to   space 4096K, 0% used [0x00000000d7280000,0x00000000d7280000,0x00000000d7680000)
 ParOldGen       total 68608K, used 5089K [0x0000000080000000, 0x0000000084300000, 0x00000000d5580000)
  object space 68608K, 7% used [0x0000000080000000,0x00000000804f8440,0x0000000084300000)
 Metaspace       used 9428K, committed 9728K, reserved 1114112K
  class space    used 1006K, committed 1152K, reserved 1048576K
}
Event: 3.781 GC heap before
{Heap before GC invocations=4 (full 0):
 PSYoungGen      total 29696K, used 29690K [0x00000000d5580000, 0x00000000d7680000, 0x0000000100000000)
  eden space 25600K, 100% used [0x00000000d5580000,0x00000000d6e80000,0x00000000d6e80000)
  from space 4096K, 99% used [0x00000000d6e80000,0x00000000d727e948,0x00000000d7280000)
  to   space 4096K, 0% used [0x00000000d7280000,0x00000000d7280000,0x00000000d7680000)
 ParOldGen       total 68608K, used 5089K [0x0000000080000000, 0x0000000084300000, 0x00000000d5580000)
  object space 68608K, 7% used [0x0000000080000000,0x00000000804f8440,0x0000000084300000)
 Metaspace       used 11589K, committed 11968K, reserved 1114112K
  class space    used 1221K, committed 1408K, reserved 1048576K
}
Event: 3.786 GC heap after
{Heap after GC invocations=4 (full 0):
 PSYoungGen      total 29696K, used 4084K [0x00000000d5580000, 0x00000000d7680000, 0x0000000100000000)
  eden space 25600K, 0% used [0x00000000d5580000,0x00000000d5580000,0x00000000d6e80000)
  from space 4096K, 99% used [0x00000000d7280000,0x00000000d767d008,0x00000000d7680000)
  to   space 4096K, 0% used [0x00000000d6e80000,0x00000000d6e80000,0x00000000d7280000)
 ParOldGen       total 68608K, used 6996K [0x0000000080000000, 0x0000000084300000, 0x00000000d5580000)
  object space 68608K, 10% used [0x0000000080000000,0x00000000806d5090,0x0000000084300000)
 Metaspace       used 11589K, committed 11968K, reserved 1114112K
  class space    used 1221K, committed 1408K, reserved 1048576K
}
Event: 4.255 GC heap before
{Heap before GC invocations=5 (full 0):
 PSYoungGen      total 29696K, used 29684K [0x00000000d5580000, 0x00000000d7680000, 0x0000000100000000)
  eden space 25600K, 100% used [0x00000000d5580000,0x00000000d6e80000,0x00000000d6e80000)
  from space 4096K, 99% used [0x00000000d7280000,0x00000000d767d008,0x00000000d7680000)
  to   space 4096K, 0% used [0x00000000d6e80000,0x00000000d6e80000,0x00000000d7280000)
 ParOldGen       total 68608K, used 6996K [0x0000000080000000, 0x0000000084300000, 0x00000000d5580000)
  object space 68608K, 10% used [0x0000000080000000,0x00000000806d5090,0x0000000084300000)
 Metaspace       used 15551K, committed 16192K, reserved 1114112K
  class space    used 1620K, committed 1856K, reserved 1048576K
}
Event: 4.259 GC heap after
{Heap after GC invocations=5 (full 0):
 PSYoungGen      total 29184K, used 4073K [0x00000000d5580000, 0x00000000d7900000, 0x0000000100000000)
  eden space 25088K, 0% used [0x00000000d5580000,0x00000000d5580000,0x00000000d6e00000)
  from space 4096K, 99% used [0x00000000d6e80000,0x00000000d727a408,0x00000000d7280000)
  to   space 5632K, 0% used [0x00000000d7380000,0x00000000d7380000,0x00000000d7900000)
 ParOldGen       total 68608K, used 8097K [0x0000000080000000, 0x0000000084300000, 0x00000000d5580000)
  object space 68608K, 11% used [0x0000000080000000,0x00000000807e87a8,0x0000000084300000)
 Metaspace       used 15551K, committed 16192K, reserved 1114112K
  class space    used 1620K, committed 1856K, reserved 1048576K
}

Dll operation events (10 events):
Event: 0.014 Loaded shared library c:\Users\welcome\.vscode\extensions\redhat.java-1.54.0-win32-x64\jre\21.0.10-win32-x86_64\bin\java.dll
Event: 0.088 Loaded shared library c:\Users\welcome\.vscode\extensions\redhat.java-1.54.0-win32-x64\jre\21.0.10-win32-x86_64\bin\zip.dll
Event: 0.105 Loaded shared library C:\Users\welcome\.vscode\extensions\redhat.java-1.54.0-win32-x64\jre\21.0.10-win32-x86_64\bin\instrument.dll
Event: 0.110 Loaded shared library C:\Users\welcome\.vscode\extensions\redhat.java-1.54.0-win32-x64\jre\21.0.10-win32-x86_64\bin\net.dll
Event: 0.115 Loaded shared library C:\Users\welcome\.vscode\extensions\redhat.java-1.54.0-win32-x64\jre\21.0.10-win32-x86_64\bin\nio.dll
Event: 0.118 Loaded shared library C:\Users\welcome\.vscode\extensions\redhat.java-1.54.0-win32-x64\jre\21.0.10-win32-x86_64\bin\zip.dll
Event: 0.139 Loaded shared library C:\Users\welcome\.vscode\extensions\redhat.java-1.54.0-win32-x64\jre\21.0.10-win32-x86_64\bin\jimage.dll
Event: 0.193 Loaded shared library c:\Users\welcome\.vscode\extensions\redhat.java-1.54.0-win32-x64\jre\21.0.10-win32-x86_64\bin\verify.dll
Event: 1.226 Loaded shared library C:\Users\welcome\AppData\Roaming\Code\User\globalStorage\redhat.java\1.54.0\config_win\org.eclipse.equinox.launcher\org.eclipse.equinox.launcher.win32.win32.x86_64_1.3.0.v20260203-2149\eclipse_11919.dll
Event: 4.718 Loaded shared library C:\Users\welcome\AppData\Local\Temp\jna-1233099618\jna15181863507147549331.dll

Deoptimization events (20 events):
Event: 4.219 Thread 0x000001c68e8e3570 Uncommon trap: trap_request=0xffffff45 fr.pc=0x000001c63b1536d4 relative=0x00000000000000b4
Event: 4.219 Thread 0x000001c68e8e3570 Uncommon trap: reason=unstable_if action=reinterpret pc=0x000001c63b1536d4 method=org.eclipse.osgi.container.ModuleRevisionBuilder.unmodifiableMap(Ljava/util/Map;)Ljava/util/Map; @ 27 c2
Event: 4.219 Thread 0x000001c68e8e3570 DEOPT PACKING pc=0x000001c63b1536d4 sp=0x000000a3b1ff9520
Event: 4.219 Thread 0x000001c68e8e3570 DEOPT UNPACKING pc=0x000001c63ab66da2 sp=0x000000a3b1ff94a0 mode 2
Event: 4.300 Thread 0x000001c68e8e3570 Uncommon trap: trap_request=0xffffff45 fr.pc=0x000001c63b1e8598 relative=0x0000000000000bd8
Event: 4.300 Thread 0x000001c68e8e3570 Uncommon trap: reason=unstable_if action=reinterpret pc=0x000001c63b1e8598 method=java.io.BufferedInputStream.implRead([BII)I @ 55 c2
Event: 4.300 Thread 0x000001c68e8e3570 DEOPT PACKING pc=0x000001c63b1e8598 sp=0x000000a3b1ff8d30
Event: 4.300 Thread 0x000001c68e8e3570 DEOPT UNPACKING pc=0x000001c63ab66da2 sp=0x000000a3b1ff8c88 mode 2
Event: 4.328 Thread 0x000001c68e8e3570 Uncommon trap: trap_request=0xffffff45 fr.pc=0x000001c63b0e91a8 relative=0x0000000000000688
Event: 4.328 Thread 0x000001c68e8e3570 Uncommon trap: reason=unstable_if action=reinterpret pc=0x000001c63b0e91a8 method=java.lang.String.replace(Ljava/lang/CharSequence;Ljava/lang/CharSequence;)Ljava/lang/String; @ 42 c2
Event: 4.328 Thread 0x000001c68e8e3570 DEOPT PACKING pc=0x000001c63b0e91a8 sp=0x000000a3b1ff7530
Event: 4.328 Thread 0x000001c68e8e3570 DEOPT UNPACKING pc=0x000001c63ab66da2 sp=0x000000a3b1ff74b0 mode 2
Event: 4.776 Thread 0x000001c68e8e3570 Uncommon trap: trap_request=0xffffff45 fr.pc=0x000001c63b20d624 relative=0x0000000000000084
Event: 4.776 Thread 0x000001c68e8e3570 Uncommon trap: reason=unstable_if action=reinterpret pc=0x000001c63b20d624 method=java.lang.ref.SoftReference.get()Ljava/lang/Object; @ 6 c2
Event: 4.776 Thread 0x000001c68e8e3570 DEOPT PACKING pc=0x000001c63b20d624 sp=0x000000a3b1ff9430
Event: 4.776 Thread 0x000001c68e8e3570 DEOPT UNPACKING pc=0x000001c63ab66da2 sp=0x000000a3b1ff93c8 mode 2
Event: 4.792 Thread 0x000001c68ecf3050 Uncommon trap: trap_request=0xffffff45 fr.pc=0x000001c63b1b6260 relative=0x00000000000000c0
Event: 4.792 Thread 0x000001c68ecf3050 Uncommon trap: reason=unstable_if action=reinterpret pc=0x000001c63b1b6260 method=java.util.concurrent.locks.ReentrantLock$NonfairSync.initialTryLock()Z @ 25 c2
Event: 4.792 Thread 0x000001c68ecf3050 DEOPT PACKING pc=0x000001c63b1b6260 sp=0x000000a3b24fddf0
Event: 4.792 Thread 0x000001c68ecf3050 DEOPT UNPACKING pc=0x000001c63ab66da2 sp=0x000000a3b24fdd70 mode 2

Classes loaded (20 events):
Event: 4.770 Loading class java/util/function/LongUnaryOperator
Event: 4.770 Loading class java/util/function/LongUnaryOperator done
Event: 4.770 Loading class java/lang/ThreadDeath
Event: 4.770 Loading class java/lang/ThreadDeath done
Event: 4.780 Loading class java/util/stream/SortedOps$SizedRefSortingSink
Event: 4.780 Loading class java/util/stream/SortedOps$SizedRefSortingSink done
Event: 4.803 Loading class java/util/concurrent/atomic/Striped64$1
Event: 4.803 Loading class java/util/concurrent/atomic/Striped64$1 done
Event: 4.858 Loading class java/util/BitSet
Event: 4.858 Loading class java/util/BitSet done
Event: 4.865 Loading class sun/net/www/protocol/jrt/JavaRuntimeURLConnection
Event: 4.865 Loading class sun/net/www/protocol/jrt/JavaRuntimeURLConnection done
Event: 4.866 Loading class sun/net/www/protocol/jrt/JavaRuntimeURLConnection$1
Event: 4.866 Loading class sun/net/www/protocol/jrt/JavaRuntimeURLConnection$1 done
Event: 4.880 Loading class java/util/function/UnaryOperator
Event: 4.880 Loading class java/util/function/UnaryOperator done
Event: 4.882 Loading class java/util/ServiceConfigurationError
Event: 4.882 Loading class java/util/ServiceConfigurationError done
Event: 4.896 Loading class java/lang/InheritableThreadLocal
Event: 4.896 Loading class java/lang/InheritableThreadLocal done

Classes unloaded (0 events):
No events

Classes redefined (0 events):
No events

Internal exceptions (20 events):
Event: 4.246 Thread 0x000001c68e8e3570 Exception <a 'java/lang/NoSuchMethodError'{0x00000000d6e35658}: 'java.lang.Object java.lang.invoke.DirectMethodHandle$Holder.newInvokeSpecial(java.lang.Object, java.lang.Object, java.lang.Object, java.lang.Object, java.lang.Object)'> (0x00000000d6e35658) 
thrown [s\src\hotspot\share\interpreter\linkResolver.cpp, line 773]
Event: 4.276 Thread 0x000001c68e8e3570 Exception <a 'java/lang/NoSuchMethodError'{0x00000000d56c4a20}: 'java.lang.Object java.lang.invoke.DirectMethodHandle$Holder.invokeStaticInit(java.lang.Object, int)'> (0x00000000d56c4a20) 
thrown [s\src\hotspot\share\interpreter\linkResolver.cpp, line 773]
Event: 4.333 Thread 0x000001c68e8e3570 Exception <a 'java/lang/NoSuchMethodError'{0x00000000d5941638}: 'java.lang.Object java.lang.invoke.DirectMethodHandle$Holder.invokeStaticInit(java.lang.Object, int, int, int, int)'> (0x00000000d5941638) 
thrown [s\src\hotspot\share\interpreter\linkResolver.cpp, line 773]
Event: 4.367 Thread 0x000001c68e8e3570 Exception <a 'java/lang/NoSuchMethodError'{0x00000000d5aaa4e0}: 'java.lang.Object java.lang.invoke.DirectMethodHandle$Holder.invokeStaticInit(java.lang.Object, java.lang.Object, int, int, int, int)'> (0x00000000d5aaa4e0) 
thrown [s\src\hotspot\share\interpreter\linkResolver.cpp, line 773]
Event: 4.734 Thread 0x000001c68e8e3570 Exception <a 'java/lang/NoSuchMethodError'{0x00000000d5bcc668}: 'void java.lang.invoke.DirectMethodHandle$Holder.invokeSpecial(java.lang.Object, java.lang.Object, java.lang.Object, int)'> (0x00000000d5bcc668) 
thrown [s\src\hotspot\share\interpreter\linkResolver.cpp, line 773]
Event: 4.735 Thread 0x000001c68e8e3570 Exception <a 'java/lang/NoSuchMethodError'{0x00000000d5bcfff8}: 'void java.lang.invoke.DelegatingMethodHandle$Holder.reinvoke_L(java.lang.Object, java.lang.Object, int)'> (0x00000000d5bcfff8) 
thrown [s\src\hotspot\share\interpreter\linkResolver.cpp, line 773]
Event: 4.735 Thread 0x000001c68e8e3570 Exception <a 'java/lang/NoSuchMethodError'{0x00000000d5bd6ce0}: 'int java.lang.invoke.Invokers$Holder.invokeExact_MT(java.lang.Object, java.lang.Object, java.lang.Object)'> (0x00000000d5bd6ce0) 
thrown [s\src\hotspot\share\interpreter\linkResolver.cpp, line 773]
Event: 4.755 Thread 0x000001c68e8e3570 Exception <a 'java/lang/NoSuchMethodError'{0x00000000d5d01968}: 'void java.lang.invoke.Invokers$Holder.invokeExact_MT(java.lang.Object, java.lang.Object, int, java.lang.Object)'> (0x00000000d5d01968) 
thrown [s\src\hotspot\share\interpreter\linkResolver.cpp, line 773]
Event: 4.769 Thread 0x000001c68e8e3570 Exception <a 'java/lang/NoSuchMethodError'{0x00000000d5e0c080}: 'java.lang.Object java.lang.invoke.DirectMethodHandle$Holder.invokeSpecial(java.lang.Object, java.lang.Object, java.lang.Object, long, java.lang.Object)'> (0x00000000d5e0c080) 
thrown [s\src\hotspot\share\interpreter\linkResolver.cpp, line 773]
Event: 4.769 Thread 0x000001c68e8e3570 Exception <a 'java/lang/NoSuchMethodError'{0x00000000d5e138c8}: 'java.lang.Object java.lang.invoke.DirectMethodHandle$Holder.newInvokeSpecial(java.lang.Object, java.lang.Object, java.lang.Object, long)'> (0x00000000d5e138c8) 
thrown [s\src\hotspot\share\interpreter\linkResolver.cpp, line 773]
Event: 4.769 Thread 0x000001c68e8e3570 Exception <a 'java/lang/NoSuchMethodError'{0x00000000d5e17c78}: 'java.lang.Object java.lang.invoke.DirectMethodHandle$Holder.invokeSpecial(java.lang.Object, java.lang.Object, java.lang.Object, java.lang.Object, long)'> (0x00000000d5e17c78) 
thrown [s\src\hotspot\share\interpreter\linkResolver.cpp, line 773]
Event: 4.770 Thread 0x000001c68e8e3570 Exception <a 'java/lang/NoSuchMethodError'{0x00000000d5e1b898}: 'java.lang.Object java.lang.invoke.Invokers$Holder.linkToTargetMethod(java.lang.Object, java.lang.Object, long, java.lang.Object)'> (0x00000000d5e1b898) 
thrown [s\src\hotspot\share\interpreter\linkResolver.cpp, line 773]
Event: 4.778 Thread 0x000001c68e8e3570 Exception <a 'java/lang/NoSuchMethodError'{0x00000000d5e95c20}: 'int java.lang.invoke.DirectMethodHandle$Holder.invokeStaticInit(java.lang.Object, java.lang.Object, java.lang.Object)'> (0x00000000d5e95c20) 
thrown [s\src\hotspot\share\interpreter\linkResolver.cpp, line 773]
Event: 4.788 Thread 0x000001c68e8e3570 Exception <a 'java/lang/IncompatibleClassChangeError'{0x00000000d5f44c70}: Found class java.lang.Object, but interface was expected> (0x00000000d5f44c70) 
thrown [s\src\hotspot\share\interpreter\linkResolver.cpp, line 840]
Event: 4.790 Thread 0x000001c68e8e3570 Exception <a 'java/lang/NoSuchMethodError'{0x00000000d5f54360}: 'java.lang.Object java.lang.invoke.DirectMethodHandle$Holder.invokeSpecial(java.lang.Object, java.lang.Object, java.lang.Object, int, java.lang.Object, java.lang.Object)'> (0x00000000d5f54360) 
thrown [s\src\hotspot\share\interpreter\linkResolver.cpp, line 773]
Event: 4.790 Thread 0x000001c68e8e3570 Exception <a 'java/lang/NoSuchMethodError'{0x00000000d5f5bd78}: 'java.lang.Object java.lang.invoke.DirectMethodHandle$Holder.newInvokeSpecial(java.lang.Object, java.lang.Object, java.lang.Object, int, java.lang.Object)'> (0x00000000d5f5bd78) 
thrown [s\src\hotspot\share\interpreter\linkResolver.cpp, line 773]
Event: 4.791 Thread 0x000001c68e8e3570 Exception <a 'java/lang/NoSuchMethodError'{0x00000000d5f5fcf8}: 'java.lang.Object java.lang.invoke.DirectMethodHandle$Holder.invokeSpecial(java.lang.Object, java.lang.Object, java.lang.Object, java.lang.Object, int, java.lang.Object)'> (0x00000000d5f5fcf8) 
thrown [s\src\hotspot\share\interpreter\linkResolver.cpp, line 773]
Event: 4.791 Thread 0x000001c68e8e3570 Exception <a 'java/lang/NoSuchMethodError'{0x00000000d5f63838}: 'java.lang.Object java.lang.invoke.Invokers$Holder.linkToTargetMethod(java.lang.Object, java.lang.Object, int, java.lang.Object, java.lang.Object)'> (0x00000000d5f63838) 
thrown [s\src\hotspot\share\interpreter\linkResolver.cpp, line 773]
Event: 4.791 Thread 0x000001c68ecf3050 Exception <a 'java/lang/NoSuchMethodError'{0x00000000d5e48af8}: 'java.lang.Object java.lang.invoke.DirectMethodHandle$Holder.invokeSpecial(java.lang.Object, java.lang.Object, int, java.lang.Object, java.lang.Object)'> (0x00000000d5e48af8) 
thrown [s\src\hotspot\share\interpreter\linkResolver.cpp, line 773]
Event: 4.806 Thread 0x000001c68e8e3570 Exception <a 'java/lang/NoSuchMethodError'{0x00000000d606de90}: 'void java.lang.invoke.DirectMethodHandle$Holder.invokeSpecial(java.lang.Object, java.lang.Object, java.lang.Object, java.lang.Object, java.lang.Object)'> (0x00000000d606de90) 
thrown [s\src\hotspot\share\interpreter\linkResolver.cpp, line 773]

ZGC Phase Switch (0 events):
No events

VM Operations (20 events):
Event: 3.781 Executing safepoint VM operation: ParallelGCFailedAllocation (Allocation Failure)
Event: 3.786 Executing safepoint VM operation: ParallelGCFailedAllocation (Allocation Failure) done
Event: 4.158 Executing safepoint VM operation: ICBufferFull
Event: 4.158 Executing safepoint VM operation: ICBufferFull done
Event: 4.221 Executing non-safepoint VM operation: HandshakeAllThreads (Deoptimize)
Event: 4.221 Executing non-safepoint VM operation: HandshakeAllThreads (Deoptimize) done
Event: 4.255 Executing safepoint VM operation: ParallelGCFailedAllocation (Allocation Failure)
Event: 4.259 Executing safepoint VM operation: ParallelGCFailedAllocation (Allocation Failure) done
Event: 4.357 Executing non-safepoint VM operation: HandshakeAllThreads (Deoptimize)
Event: 4.357 Executing non-safepoint VM operation: HandshakeAllThreads (Deoptimize) done
Event: 4.724 Executing non-safepoint VM operation: HandshakeAllThreads (Deoptimize)
Event: 4.724 Executing non-safepoint VM operation: HandshakeAllThreads (Deoptimize) done
Event: 4.866 Executing non-safepoint VM operation: HandshakeAllThreads (Deoptimize)
Event: 4.866 Executing non-safepoint VM operation: HandshakeAllThreads (Deoptimize) done
Event: 4.902 Executing non-safepoint VM operation: HandshakeAllThreads (Deoptimize)
Event: 4.902 Executing non-safepoint VM operation: HandshakeAllThreads (Deoptimize) done
Event: 4.908 Executing non-safepoint VM operation: HandshakeAllThreads (Deoptimize)
Event: 4.909 Executing non-safepoint VM operation: HandshakeAllThreads (Deoptimize) done
Event: 5.908 Executing safepoint VM operation: Cleanup
Event: 5.908 Executing safepoint VM operation: Cleanup done

Memory protections (0 events):
No events

Nmethod flushes (0 events):
No events

Events (20 events):
Event: 0.056 Thread 0x000001c6303dc1d0 Thread added: 0x000001c646e6d770
Event: 0.056 Thread 0x000001c6303dc1d0 Thread added: 0x000001c646e6eed0
Event: 0.108 Thread 0x000001c6303dc1d0 Thread added: 0x000001c689927200
Event: 0.189 Thread 0x000001c646e6eed0 Thread added: 0x000001c689a5cfb0
Event: 0.247 Thread 0x000001c6303dc1d0 Thread added: 0x000001c689ab4fe0
Event: 0.354 Thread 0x000001c646e6eed0 Thread added: 0x000001c68e563010
Event: 1.036 Thread 0x000001c6303dc1d0 Thread added: 0x000001c68e6ae020
Event: 1.218 Thread 0x000001c6303dc1d0 Thread added: 0x000001c68e8872c0
Event: 1.245 Thread 0x000001c68e8872c0 Thread added: 0x000001c68e909710
Event: 1.248 Thread 0x000001c6303dc1d0 Thread added: 0x000001c68e8e3570
Event: 1.572 Thread 0x000001c68e8e3570 Thread added: 0x000001c68ecd95b0
Event: 2.997 Thread 0x000001c68e563010 Thread exited: 0x000001c68e563010
Event: 3.111 Thread 0x000001c689a5cfb0 Thread exited: 0x000001c689a5cfb0
Event: 3.765 Thread 0x000001c68e8e3570 Thread added: 0x000001c68ea6f690
Event: 3.836 Thread 0x000001c646e6eed0 Thread added: 0x000001c68e74e8a0
Event: 3.836 Thread 0x000001c646e6eed0 Thread added: 0x000001c68ee0cc10
Event: 4.038 Thread 0x000001c68e8e3570 Thread added: 0x000001c68ecf2330
Event: 4.742 Thread 0x000001c68e8e3570 Thread added: 0x000001c68ecf29c0
Event: 4.772 Thread 0x000001c68e8e3570 Thread added: 0x000001c68ecf3050
Event: 4.792 Thread 0x000001c68e8e3570 Thread added: 0x000001c68ecf36e0


Dynamic libraries:
0x00007ff794fe0000 - 0x00007ff794fee000 	c:\Users\welcome\.vscode\extensions\redhat.java-1.54.0-win32-x64\jre\21.0.10-win32-x86_64\bin\java.exe
0x00007fff26680000 - 0x00007fff268e7000 	C:\WINDOWS\SYSTEM32\ntdll.dll
0x00007fff25c40000 - 0x00007fff25d09000 	C:\WINDOWS\System32\KERNEL32.DLL
0x00007fff23380000 - 0x00007fff23777000 	C:\WINDOWS\System32\KERNELBASE.dll
0x00007fff230b0000 - 0x00007fff231fb000 	C:\WINDOWS\System32\ucrtbase.dll
0x00007ffe86c50000 - 0x00007ffe86c6e000 	c:\Users\welcome\.vscode\extensions\redhat.java-1.54.0-win32-x64\jre\21.0.10-win32-x86_64\bin\VCRUNTIME140.dll
0x00007ffe86c30000 - 0x00007ffe86c48000 	c:\Users\welcome\.vscode\extensions\redhat.java-1.54.0-win32-x64\jre\21.0.10-win32-x86_64\bin\jli.dll
0x00007fff24650000 - 0x00007fff24816000 	C:\WINDOWS\System32\USER32.dll
0x00007fff24310000 - 0x00007fff24337000 	C:\WINDOWS\System32\win32u.dll
0x00007ffefd8d0000 - 0x00007ffefdb62000 	C:\WINDOWS\WinSxS\amd64_microsoft.windows.common-controls_6595b64144ccf1df_6.0.26100.8457_none_3e0b2faee331e92d\COMCTL32.dll
0x00007fff24a60000 - 0x00007fff24a8b000 	C:\WINDOWS\System32\GDI32.dll
0x00007fff24820000 - 0x00007fff248c9000 	C:\WINDOWS\System32\msvcrt.dll
0x00007fff241e0000 - 0x00007fff2430c000 	C:\WINDOWS\System32\gdi32full.dll
0x00007fff23780000 - 0x00007fff23823000 	C:\WINDOWS\System32\msvcp_win.dll
0x00007fff24bb0000 - 0x00007fff24be2000 	C:\WINDOWS\System32\IMM32.DLL
0x00007ffeda000000 - 0x00007ffeda00c000 	c:\Users\welcome\.vscode\extensions\redhat.java-1.54.0-win32-x64\jre\21.0.10-win32-x86_64\bin\vcruntime140_1.dll
0x00007ffe86ba0000 - 0x00007ffe86c2d000 	c:\Users\welcome\.vscode\extensions\redhat.java-1.54.0-win32-x64\jre\21.0.10-win32-x86_64\bin\msvcp140.dll
0x00007ffe816a0000 - 0x00007ffe82441000 	c:\Users\welcome\.vscode\extensions\redhat.java-1.54.0-win32-x64\jre\21.0.10-win32-x86_64\bin\server\jvm.dll
0x00007fff24590000 - 0x00007fff24646000 	C:\WINDOWS\System32\ADVAPI32.dll
0x00007fff25d10000 - 0x00007fff25db7000 	C:\WINDOWS\System32\sechost.dll
0x00007fff255a0000 - 0x00007fff256b8000 	C:\WINDOWS\System32\RPCRT4.dll
0x00007fff248d0000 - 0x00007fff24950000 	C:\WINDOWS\System32\WS2_32.dll
0x00007fff1c4a0000 - 0x00007fff1c4ab000 	C:\WINDOWS\SYSTEM32\VERSION.dll
0x00007fff0de10000 - 0x00007fff0de46000 	C:\WINDOWS\SYSTEM32\WINMM.dll
0x00007fff22f10000 - 0x00007fff22f6e000 	C:\WINDOWS\SYSTEM32\POWRPROF.dll
0x00007fff22ef0000 - 0x00007fff22f04000 	C:\WINDOWS\SYSTEM32\UMPDC.dll
0x00007fff21e20000 - 0x00007fff21e3b000 	C:\WINDOWS\SYSTEM32\kernel.appcore.dll
0x00007ffed9880000 - 0x00007ffed988a000 	c:\Users\welcome\.vscode\extensions\redhat.java-1.54.0-win32-x64\jre\21.0.10-win32-x86_64\bin\jimage.dll
0x00007fff20700000 - 0x00007fff20942000 	C:\WINDOWS\SYSTEM32\DBGHELP.DLL
0x00007fff258b0000 - 0x00007fff25c33000 	C:\WINDOWS\System32\combase.dll
0x00007fff25440000 - 0x00007fff25519000 	C:\WINDOWS\System32\OLEAUT32.dll
0x00007ffef6b90000 - 0x00007ffef6bcb000 	C:\WINDOWS\SYSTEM32\dbgcore.DLL
0x00007fff23830000 - 0x00007fff238d8000 	C:\WINDOWS\System32\bcryptPrimitives.dll
0x00007fff1e580000 - 0x00007fff1e58f000 	c:\Users\welcome\.vscode\extensions\redhat.java-1.54.0-win32-x64\jre\21.0.10-win32-x86_64\bin\instrument.dll
0x00007ffe86b80000 - 0x00007ffe86ba0000 	c:\Users\welcome\.vscode\extensions\redhat.java-1.54.0-win32-x64\jre\21.0.10-win32-x86_64\bin\java.dll
0x00007fff25ec0000 - 0x00007fff2662e000 	C:\WINDOWS\System32\SHELL32.dll
0x00007fff238e0000 - 0x00007fff2414c000 	C:\WINDOWS\System32\windows.storage.dll
0x00007fff24960000 - 0x00007fff24a56000 	C:\WINDOWS\System32\SHCORE.dll
0x00007fff24b40000 - 0x00007fff24ba6000 	C:\WINDOWS\System32\shlwapi.dll
0x00007fff22fd0000 - 0x00007fff22ff9000 	C:\WINDOWS\SYSTEM32\profapi.dll
0x00007ffe86b60000 - 0x00007ffe86b78000 	c:\Users\welcome\.vscode\extensions\redhat.java-1.54.0-win32-x64\jre\21.0.10-win32-x86_64\bin\zip.dll
0x00007ffed5f10000 - 0x00007ffed5f20000 	C:\Users\welcome\.vscode\extensions\redhat.java-1.54.0-win32-x64\jre\21.0.10-win32-x86_64\bin\net.dll
0x00007fff1afb0000 - 0x00007fff1b0d9000 	C:\WINDOWS\SYSTEM32\WINHTTP.dll
0x00007fff223b0000 - 0x00007fff2241c000 	C:\WINDOWS\system32\mswsock.dll
0x00007ffe86b40000 - 0x00007ffe86b56000 	C:\Users\welcome\.vscode\extensions\redhat.java-1.54.0-win32-x64\jre\21.0.10-win32-x86_64\bin\nio.dll
0x00007fff1e570000 - 0x00007fff1e580000 	c:\Users\welcome\.vscode\extensions\redhat.java-1.54.0-win32-x64\jre\21.0.10-win32-x86_64\bin\verify.dll
0x00007fff16ae0000 - 0x00007fff16b25000 	C:\Users\welcome\AppData\Roaming\Code\User\globalStorage\redhat.java\1.54.0\config_win\org.eclipse.equinox.launcher\org.eclipse.equinox.launcher.win32.win32.x86_64_1.3.0.v20260203-2149\eclipse_11919.dll
0x00007fff25710000 - 0x00007fff258a7000 	C:\WINDOWS\System32\ole32.dll
0x00007fff22690000 - 0x00007fff226ab000 	C:\WINDOWS\SYSTEM32\CRYPTSP.dll
0x00007fff21d80000 - 0x00007fff21db9000 	C:\WINDOWS\system32\rsaenh.dll
0x00007fff22460000 - 0x00007fff22493000 	C:\WINDOWS\SYSTEM32\USERENV.dll
0x00007fff22fa0000 - 0x00007fff22fca000 	C:\WINDOWS\SYSTEM32\bcrypt.dll
0x00007fff226b0000 - 0x00007fff226bc000 	C:\WINDOWS\SYSTEM32\CRYPTBASE.dll
0x00007fff21850000 - 0x00007fff21882000 	C:\WINDOWS\SYSTEM32\IPHLPAPI.DLL
0x00007fff24400000 - 0x00007fff2440a000 	C:\WINDOWS\System32\NSI.dll
0x00007fff164d0000 - 0x00007fff16519000 	C:\Users\welcome\AppData\Local\Temp\jna-1233099618\jna15181863507147549331.dll
0x00007fff24a90000 - 0x00007fff24a98000 	C:\WINDOWS\System32\PSAPI.DLL

JVMTI agents:
c:\Users\welcome\.vscode\extensions\redhat.java-1.54.0-win32-x64\lombok\lombok-1.18.39-4050.jar path:c:\Users\welcome\.vscode\extensions\redhat.java-1.54.0-win32-x64\jre\21.0.10-win32-x86_64\bin\instrument.dll, loaded, initialized, instrumentlib options:none

dbghelp: loaded successfully - version: 4.0.5 - missing functions: none
symbol engine: initialized successfully - sym options: 0x614 - pdb path: .;c:\Users\welcome\.vscode\extensions\redhat.java-1.54.0-win32-x64\jre\21.0.10-win32-x86_64\bin;C:\WINDOWS\SYSTEM32;C:\WINDOWS\WinSxS\amd64_microsoft.windows.common-controls_6595b64144ccf1df_6.0.26100.8457_none_3e0b2faee331e92d;c:\Users\welcome\.vscode\extensions\redhat.java-1.54.0-win32-x64\jre\21.0.10-win32-x86_64\bin\server;C:\Users\welcome\AppData\Roaming\Code\User\globalStorage\redhat.java\1.54.0\config_win\org.eclipse.equinox.launcher\org.eclipse.equinox.launcher.win32.win32.x86_64_1.3.0.v20260203-2149;C:\Users\welcome\AppData\Local\Temp\jna-1233099618

VM Arguments:
jvm_args: --add-modules=ALL-SYSTEM --add-opens=java.base/java.util=ALL-UNNAMED --add-opens=java.base/java.lang=ALL-UNNAMED --add-opens=java.base/sun.nio.fs=ALL-UNNAMED -Declipse.application=org.eclipse.jdt.ls.core.id1 -Dosgi.bundles.defaultStartLevel=4 -Declipse.product=org.eclipse.jdt.ls.core.product -Djava.import.generatesMetadataFilesAtProjectRoot=false -DDetectVMInstallationsJob.disabled=true -Dfile.encoding=utf8 -XX:+UseParallelGC -XX:GCTimeRatio=4 -XX:AdaptiveSizePolicyWeight=90 -Dsun.zip.disableMemoryMapping=true -Xmx2G -Xms100m -Xlog:disable -javaagent:c:\Users\welcome\.vscode\extensions\redhat.java-1.54.0-win32-x64\lombok\lombok-1.18.39-4050.jar -XX:+HeapDumpOnOutOfMemoryError -XX:HeapDumpPath=c:\Users\welcome\AppData\Roaming\Code\User\workspaceStorage\516c3c7fa515dde9b4f0dad9b16ca6d3\redhat.java -Daether.dependencyCollector.impl=bf 
java_command: c:\Users\welcome\.vscode\extensions\redhat.java-1.54.0-win32-x64\server\plugins\org.eclipse.equinox.launcher_1.7.100.v20251111-0406.jar -configuration c:\Users\welcome\AppData\Roaming\Code\User\globalStorage\redhat.java\1.54.0\config_win -data c:\Users\welcome\AppData\Roaming\Code\User\workspaceStorage\516c3c7fa515dde9b4f0dad9b16ca6d3\redhat.java\jdt_ws --pipe=\\.\pipe\lsp-585558d0d1a47f14334af8826cc383dc-sock
java_class_path (initial): c:\Users\welcome\.vscode\extensions\redhat.java-1.54.0-win32-x64\server\plugins\org.eclipse.equinox.launcher_1.7.100.v20251111-0406.jar
Launcher Type: SUN_STANDARD

[Global flags]
    uintx AdaptiveSizePolicyWeight                 = 90                                        {product} {command line}
     intx CICompilerCount                          = 4                                         {product} {ergonomic}
    uintx GCTimeRatio                              = 4                                         {product} {command line}
     bool HeapDumpOnOutOfMemoryError               = true                                   {manageable} {command line}
    ccstr HeapDumpPath                             = c:\Users\welcome\AppData\Roaming\Code\User\workspaceStorage\516c3c7fa515dde9b4f0dad9b16ca6d3\redhat.java         {manageable} {command line}
   size_t InitialHeapSize                          = 104857600                                 {product} {command line}
   size_t MaxHeapSize                              = 2147483648                                {product} {command line}
   size_t MaxNewSize                               = 715653120                                 {product} {ergonomic}
   size_t MinHeapDeltaBytes                        = 524288                                    {product} {ergonomic}
   size_t MinHeapSize                              = 104857600                                 {product} {command line}
   size_t NewSize                                  = 34603008                                  {product} {ergonomic}
    uintx NonNMethodCodeHeapSize                   = 5839372                                {pd product} {ergonomic}
    uintx NonProfiledCodeHeapSize                  = 122909434                              {pd product} {ergonomic}
   size_t OldSize                                  = 70254592                                  {product} {ergonomic}
    uintx ProfiledCodeHeapSize                     = 122909434                              {pd product} {ergonomic}
    uintx ReservedCodeCacheSize                    = 251658240                              {pd product} {ergonomic}
     bool SegmentedCodeCache                       = true                                      {product} {ergonomic}
   size_t SoftMaxHeapSize                          = 2147483648                             {manageable} {ergonomic}
     bool UseCompressedOops                        = true                           {product lp64_product} {ergonomic}
     bool UseLargePagesIndividualAllocation        = false                                  {pd product} {ergonomic}
     bool UseParallelGC                            = true                                      {product} {command line}

Logging:
Log output configuration:
 #0: stdout all=off uptime,level,tags foldmultilines=false
 #1: stderr all=off uptime,level,tags foldmultilines=false

Release file:
JAVA_VERSION="21.0.10" 
MODULES="java.base java.compiler java.datatransfer java.xml java.prefs java.desktop java.instrument java.logging java.management java.security.sasl java.naming java.rmi java.management.rmi java.net.http java.scripting java.security.jgss java.transaction.xa java.sql java.sql.rowset java.xml.crypto java.se java.smartcardio jdk.accessibility jdk.internal.jvmstat jdk.attach jdk.charsets jdk.internal.opt jdk.zipfs jdk.compiler jdk.crypto.ec jdk.crypto.cryptoki jdk.crypto.mscapi jdk.dynalink jdk.internal.ed jdk.editpad jdk.hotspot.agent jdk.httpserver jdk.internal.le jdk.internal.vm.ci jdk.internal.vm.compiler jdk.internal.vm.compiler.management jdk.jartool jdk.javadoc jdk.jcmd jdk.management jdk.management.agent jdk.jconsole jdk.jdeps jdk.jdwp.agent jdk.jdi jdk.jfr jdk.jshell jdk.jsobject jdk.jstatd jdk.localedata jdk.management.jfr jdk.naming.dns jdk.naming.rmi jdk.net jdk.nio.mapmode jdk.random jdk.sctp jdk.security.auth jdk.security.jgss jdk.unsupported jdk.unsupported.desktop jdk.xml.dom" 

Environment Variables:
JAVA_HOME=C:\Program Files\Java\jdk-26.0.1\
PATH=C:\Program Files\Common Files\Oracle\Java\javapath;C:\Python314\Scripts\;C:\Python314\;C:\Program Files\Python313\Scripts\;C:\Program Files\Python313\;C:\WINDOWS\system32;C:\WINDOWS;C:\WINDOWS\System32\Wbem;C:\WINDOWS\System32\WindowsPowerShell\v1.0\;C:\WINDOWS\System32\OpenSSH\;C:\Program Files\Git\cmd;C:\Program Files\NVIDIA Corporation\NVIDIA App\NvDLISR;C:\Program Files (x86)\NVIDIA Corporation\PhysX\Common;C:\ProgramData\chocolatey\bin;C:\Program Files\nodejs\;C:\Program Files\Java\jdk-26.0.1\bin;C:\Program Files\Apache\Maven\apache-maven-3.9.16\bin;C:\Program Files\MySQL\MySQL Shell 8.0\bin\;C:\Users\welcome\AppData\Local\Microsoft\WindowsApps;C:\Users\welcome\AppData\Local\GitHubDesktop\bin;C:\Users\welcome\AppData\Local\Programs\Microsoft VS Code\bin;C:\Users\welcome\AppData\Roaming\npm
USERNAME=welcome
OS=Windows_NT
PROCESSOR_IDENTIFIER=Intel64 Family 6 Model 140 Stepping 2, GenuineIntel
TMP=C:\Users\welcome\AppData\Local\Temp
TEMP=C:\Users\welcome\AppData\Local\Temp




Periodic native trim disabled

---------------  S Y S T E M  ---------------

OS:
 Windows 11 , 64 bit Build 26100 (10.0.26100.8328)
OS uptime: 1 days 1:59 hours
Hyper-V role detected

CPU: total 8 (initial active 8) (4 cores per cpu, 2 threads per core) family 6 model 140 stepping 2 microcode 0x26, cx8, cmov, fxsr, ht, mmx, 3dnowpref, sse, sse2, sse3, ssse3, sse4.1, sse4.2, popcnt, lzcnt, tsc, tscinvbit, avx, avx2, aes, erms, clmul, bmi1, bmi2, adx, avx512f, avx512dq, avx512cd, avx512bw, avx512vl, sha, fma, vzeroupper, avx512_vpopcntdq, avx512_vpclmulqdq, avx512_vaes, avx512_vnni, clflush, clflushopt, clwb, avx512_vbmi2, avx512_vbmi, hv, rdtscp, rdpid, fsrm, gfni, avx512_bitalg, f16c, cet_ibt, cet_ss, avx512_ifma
Processor Information for the first 8 processors :
  Max Mhz: 3187, Current Mhz: 3187, Mhz Limit: 3187

Memory: 4k page, system-wide physical 7975M (819M free)
TotalPageFile size 26574M (AvailPageFile size 5M)
current process WorkingSet (physical memory assigned to process): 142M, peak: 144M
current process commit charge ("private bytes"): 281M, peak: 284M

vm_info: OpenJDK 64-Bit Server VM (21.0.10+7-LTS) for windows-amd64 JRE (21.0.10+7-LTS), built on 2026-01-20T00:00:00Z by "admin" with MS VC++ 17.12 (VS2022)

END.
