#
# There is insufficient memory for the Java Runtime Environment to continue.
# Native memory allocation (malloc) failed to allocate 65552 bytes. Error detail: Chunk::new
# Possible reasons:
#   The system is out of physical RAM or swap space
#   This process is running with CompressedOops enabled, and the Java Heap may be blocking the growth of the native heap
# Possible solutions:
#   Reduce memory load on the system
#   Increase physical memory or swap space
#   Check if swap backing store is full
#   Decrease Java heap size (-Xmx/-Xms)
#   Decrease number of Java threads
#   Decrease Java thread stack sizes (-Xss)
#   Set larger code cache with -XX:ReservedCodeCacheSize=
#   JVM is running with Unscaled Compressed Oops mode in which the Java heap is
#     placed in the first 4GB address space. The Java Heap base address is the
#     maximum limit for the native heap growth. Please use -XX:HeapBaseMinAddress
#     to set the Java Heap base and to place the Java Heap above 4GB virtual address.
# This output file may be truncated or incomplete.
#
#  Out of Memory Error (arena.cpp:168), pid=11332, tid=22264
#
# JRE version: OpenJDK Runtime Environment Temurin-21.0.10+7 (21.0.10+7) (build 21.0.10+7-LTS)
# Java VM: OpenJDK 64-Bit Server VM Temurin-21.0.10+7 (21.0.10+7-LTS, mixed mode, sharing, tiered, compressed oops, compressed class ptrs, parallel gc, windows-amd64)
# No core dump will be written. Minidumps are not enabled by default on client versions of Windows
#

---------------  S U M M A R Y ------------

Command Line: --add-modules=ALL-SYSTEM --add-opens=java.base/java.util=ALL-UNNAMED --add-opens=java.base/java.lang=ALL-UNNAMED --add-opens=java.base/sun.nio.fs=ALL-UNNAMED -Declipse.application=org.eclipse.jdt.ls.core.id1 -Dosgi.bundles.defaultStartLevel=4 -Declipse.product=org.eclipse.jdt.ls.core.product -Djava.import.generatesMetadataFilesAtProjectRoot=false -DDetectVMInstallationsJob.disabled=true -Dfile.encoding=utf8 -XX:+UseParallelGC -XX:GCTimeRatio=4 -XX:AdaptiveSizePolicyWeight=90 -Dsun.zip.disableMemoryMapping=true -Xmx2G -Xms100m -Xlog:disable -javaagent:c:\Users\welcome\.vscode\extensions\redhat.java-1.54.0-win32-x64\lombok\lombok-1.18.39-4050.jar -XX:+HeapDumpOnOutOfMemoryError -XX:HeapDumpPath=c:\Users\welcome\AppData\Roaming\Code\User\workspaceStorage\516c3c7fa515dde9b4f0dad9b16ca6d3\redhat.java -Daether.dependencyCollector.impl=bf c:\Users\welcome\.vscode\extensions\redhat.java-1.54.0-win32-x64\server\plugins\org.eclipse.equinox.launcher_1.7.100.v20251111-0406.jar -configuration c:\Users\welcome\AppData\Roaming\Code\User\globalStorage\redhat.java\1.54.0\config_win -data c:\Users\welcome\AppData\Roaming\Code\User\workspaceStorage\516c3c7fa515dde9b4f0dad9b16ca6d3\redhat.java\jdt_ws --pipe=\\.\pipe\lsp-d596195799e093f09c777b76c3c75525-sock

Host: 11th Gen Intel(R) Core(TM) i5-11320H @ 3.20GHz, 8 cores, 7G,  Windows 11 , 64 bit Build 26100 (10.0.26100.8328)
Time: Tue May 26 05:51:07 2026 India Standard Time elapsed time: 422.373222 seconds (0d 0h 7m 2s)

---------------  T H R E A D  ---------------

Current thread (0x000002297fe90c60):  JavaThread "C2 CompilerThread0" daemon [_thread_in_native, id=22264, stack(0x0000003069900000,0x0000003069a00000) (1024K)]


Current CompileTask:
C2:422373 10546       4       org.eclipse.jdt.internal.core.JavaModelCache::getInfo (156 bytes)

Stack: [0x0000003069900000,0x0000003069a00000]
Native frames: (J=compiled Java code, j=interpreted, Vv=VM code, C=native code)
V  [jvm.dll+0x6d7a39]
V  [jvm.dll+0x8b4b26]
V  [jvm.dll+0x8b70de]
V  [jvm.dll+0x8b77c3]
V  [jvm.dll+0x284346]
V  [jvm.dll+0xc66ed]
V  [jvm.dll+0xc6c31]
V  [jvm.dll+0xc6815]
V  [jvm.dll+0x6b2b0c]
V  [jvm.dll+0x664a31]
V  [jvm.dll+0x24c3db]
V  [jvm.dll+0x24bb40]
V  [jvm.dll+0x1cb34e]
V  [jvm.dll+0x25b85d]
V  [jvm.dll+0x259dea]
V  [jvm.dll+0x3f857e]
V  [jvm.dll+0x85f59d]
V  [jvm.dll+0x6d626d]
C  [ucrtbase.dll+0x37b0]
C  [KERNEL32.DLL+0x2e957]
C  [ntdll.dll+0x427c]


---------------  P R O C E S S  ---------------

Threads class SMR info:
_java_thread_list=0x0000022949abde80, length=38, elements={
0x000002296940df70, 0x000002297fe7f510, 0x000002297fe824f0, 0x000002297fe874c0,
0x000002297fe8a530, 0x000002297fe8d3b0, 0x000002297fe8de10, 0x000002297fe90c60,
0x00000229427b39d0, 0x0000022942962dd0, 0x0000022942a99a60, 0x000002294798a040,
0x000002294796ac60, 0x000002294792c710, 0x000002294792dc80, 0x0000022947c97f90,
0x0000022947d709d0, 0x0000022947dab9f0, 0x0000022947daacd0, 0x00000229483b57d0,
0x00000229483b4ab0, 0x00000229483b3700, 0x00000229483b4420, 0x00000229483b3070,
0x00000229483b6b80, 0x00000229483b7210, 0x00000229483b78a0, 0x00000229483b7f30,
0x00000229483b85c0, 0x00000229483b5140, 0x00000229483b8c50, 0x00000229483ba000,
0x00000229483ba690, 0x00000229483b92e0, 0x000002294a5b4ce0, 0x0000022949a76f70,
0x000002294a891690, 0x000002294a891d60
}

Java Threads: ( => current thread )
  0x000002296940df70 JavaThread "main"                              [_thread_blocked, id=8432, stack(0x0000003068f00000,0x0000003069000000) (1024K)]
  0x000002297fe7f510 JavaThread "Reference Handler"          daemon [_thread_blocked, id=3708, stack(0x0000003069300000,0x0000003069400000) (1024K)]
  0x000002297fe824f0 JavaThread "Finalizer"                  daemon [_thread_blocked, id=18532, stack(0x0000003069400000,0x0000003069500000) (1024K)]
  0x000002297fe874c0 JavaThread "Signal Dispatcher"          daemon [_thread_blocked, id=3784, stack(0x0000003069500000,0x0000003069600000) (1024K)]
  0x000002297fe8a530 JavaThread "Attach Listener"            daemon [_thread_blocked, id=14940, stack(0x0000003069600000,0x0000003069700000) (1024K)]
  0x000002297fe8d3b0 JavaThread "Service Thread"             daemon [_thread_blocked, id=21352, stack(0x0000003069700000,0x0000003069800000) (1024K)]
  0x000002297fe8de10 JavaThread "Monitor Deflation Thread"   daemon [_thread_blocked, id=8704, stack(0x0000003069800000,0x0000003069900000) (1024K)]
=>0x000002297fe90c60 JavaThread "C2 CompilerThread0"         daemon [_thread_in_native, id=22264, stack(0x0000003069900000,0x0000003069a00000) (1024K)]
  0x00000229427b39d0 JavaThread "C1 CompilerThread0"         daemon [_thread_blocked, id=2168, stack(0x0000003069a00000,0x0000003069b00000) (1024K)]
  0x0000022942962dd0 JavaThread "Common-Cleaner"             daemon [_thread_blocked, id=14088, stack(0x0000003069b00000,0x0000003069c00000) (1024K)]
  0x0000022942a99a60 JavaThread "Notification Thread"        daemon [_thread_blocked, id=5516, stack(0x0000003069c00000,0x0000003069d00000) (1024K)]
  0x000002294798a040 JavaThread "Active Thread: Equinox Container: 6aeda303-7f79-4f9d-ad53-3a0faf65e989"        [_thread_blocked, id=6068, stack(0x000000306a400000,0x000000306a500000) (1024K)]
  0x000002294796ac60 JavaThread "Refresh Thread: Equinox Container: 6aeda303-7f79-4f9d-ad53-3a0faf65e989" daemon [_thread_blocked, id=13636, stack(0x000000306a600000,0x000000306a700000) (1024K)]
  0x000002294792c710 JavaThread "Framework Event Dispatcher: Equinox Container: 6aeda303-7f79-4f9d-ad53-3a0faf65e989" daemon [_thread_blocked, id=16892, stack(0x000000306a700000,0x000000306a800000) (1024K)]
  0x000002294792dc80 JavaThread "Start Level: Equinox Container: 6aeda303-7f79-4f9d-ad53-3a0faf65e989" daemon [_thread_blocked, id=20332, stack(0x000000306a800000,0x000000306a900000) (1024K)]
  0x0000022947c97f90 JavaThread "Bundle File Closer"         daemon [_thread_blocked, id=21584, stack(0x000000306a900000,0x000000306aa00000) (1024K)]
  0x0000022947d709d0 JavaThread "SCR Component Actor"        daemon [_thread_blocked, id=18968, stack(0x0000003069d00000,0x0000003069e00000) (1024K)]
  0x0000022947dab9f0 JavaThread "Worker-JM"                         [_thread_blocked, id=18592, stack(0x000000306ab00000,0x000000306ac00000) (1024K)]
  0x0000022947daacd0 JavaThread "JNA Cleaner"                daemon [_thread_blocked, id=5352, stack(0x000000306aa00000,0x000000306ab00000) (1024K)]
  0x00000229483b57d0 JavaThread "Worker-0"                          [_thread_blocked, id=15288, stack(0x000000306ac00000,0x000000306ad00000) (1024K)]
  0x00000229483b4ab0 JavaThread "Java indexing"              daemon [_thread_blocked, id=16308, stack(0x000000306af00000,0x000000306b000000) (1024K)]
  0x00000229483b3700 JavaThread "Worker-2"                          [_thread_blocked, id=18384, stack(0x000000306b200000,0x000000306b300000) (1024K)]
  0x00000229483b4420 JavaThread "Thread-1"                   daemon [_thread_in_native, id=21220, stack(0x000000306b500000,0x000000306b600000) (1024K)]
  0x00000229483b3070 JavaThread "Thread-2"                   daemon [_thread_in_native, id=1460, stack(0x000000306b600000,0x000000306b700000) (1024K)]
  0x00000229483b6b80 JavaThread "Thread-3"                   daemon [_thread_in_native, id=10220, stack(0x000000306b700000,0x000000306b800000) (1024K)]
  0x00000229483b7210 JavaThread "Thread-4"                   daemon [_thread_in_native, id=17544, stack(0x000000306b800000,0x000000306b900000) (1024K)]
  0x00000229483b78a0 JavaThread "Thread-5"                   daemon [_thread_in_native, id=17872, stack(0x000000306b900000,0x000000306ba00000) (1024K)]
  0x00000229483b7f30 JavaThread "Thread-6"                   daemon [_thread_in_native, id=1612, stack(0x000000306ba00000,0x000000306bb00000) (1024K)]
  0x00000229483b85c0 JavaThread "Thread-7"                   daemon [_thread_in_native, id=22176, stack(0x000000306bb00000,0x000000306bc00000) (1024K)]
  0x00000229483b5140 JavaThread "Thread-8"                   daemon [_thread_in_native, id=15488, stack(0x000000306bc00000,0x000000306bd00000) (1024K)]
  0x00000229483b8c50 JavaThread "Thread-9"                   daemon [_thread_in_native, id=21828, stack(0x000000306bd00000,0x000000306be00000) (1024K)]
  0x00000229483ba000 JavaThread "pool-2-thread-1"                   [_thread_blocked, id=7044, stack(0x000000306be00000,0x000000306bf00000) (1024K)]
  0x00000229483ba690 JavaThread "WorkspaceEventsHandler"            [_thread_blocked, id=16096, stack(0x000000306bf00000,0x000000306c000000) (1024K)]
  0x00000229483b92e0 JavaThread "pool-1-thread-1"                   [_thread_blocked, id=7440, stack(0x000000306c000000,0x000000306c100000) (1024K)]
  0x000002294a5b4ce0 JavaThread "ForkJoinPool.commonPool-worker-1" daemon [_thread_blocked, id=7584, stack(0x000000306c100000,0x000000306c200000) (1024K)]
  0x0000022949a76f70 JavaThread "ForkJoinPool.commonPool-worker-8" daemon [_thread_blocked, id=2524, stack(0x0000003068c00000,0x0000003068d00000) (1024K)]
  0x000002294a891690 JavaThread "C2 CompilerThread1"         daemon [_thread_in_native, id=22160, stack(0x0000003068d00000,0x0000003068e00000) (1024K)]
  0x000002294a891d60 JavaThread "C2 CompilerThread2"         daemon [_thread_in_native, id=3796, stack(0x0000003068e00000,0x0000003068f00000) (1024K)]
Total: 38

Other Threads:
  0x00000229694ce9a0 VMThread "VM Thread"                           [id=10256, stack(0x0000003069200000,0x0000003069300000) (1024K)]
  0x000002297fd9c950 WatcherThread "VM Periodic Task Thread"        [id=20864, stack(0x0000003069100000,0x0000003069200000) (1024K)]
  0x000002296942c790 WorkerThread "GC Thread#0"                     [id=15552, stack(0x0000003069000000,0x0000003069100000) (1024K)]
  0x00000229477fa780 WorkerThread "GC Thread#1"                     [id=20952, stack(0x0000003069e00000,0x0000003069f00000) (1024K)]
  0x000002294745e960 WorkerThread "GC Thread#2"                     [id=21512, stack(0x0000003069f00000,0x000000306a000000) (1024K)]
  0x000002294745ed10 WorkerThread "GC Thread#3"                     [id=7048, stack(0x000000306a000000,0x000000306a100000) (1024K)]
  0x000002294745f0c0 WorkerThread "GC Thread#4"                     [id=17688, stack(0x000000306a100000,0x000000306a200000) (1024K)]
  0x00000229470f9ad0 WorkerThread "GC Thread#5"                     [id=16392, stack(0x000000306a200000,0x000000306a300000) (1024K)]
  0x00000229470f9e80 WorkerThread "GC Thread#6"                     [id=22480, stack(0x000000306a300000,0x000000306a400000) (1024K)]
  0x00000229472d5670 WorkerThread "GC Thread#7"                     [id=16980, stack(0x000000306a500000,0x000000306a600000) (1024K)]
Total: 10

Threads with active compile tasks:
C2 CompilerThread0  423395 10546       4       org.eclipse.jdt.internal.core.JavaModelCache::getInfo (156 bytes)
C2 CompilerThread1  423395 10539 % !   4       org.eclipse.jdt.internal.compiler.classfmt.ClassFileReader::<init> @ 81 (1968 bytes)
C2 CompilerThread2  423395 10564       4       org.eclipse.jdt.internal.core.search.matching.JavaSearchNameEnvironment::addPackageNameToIndex (45 bytes)
Total: 3

VM state: not at safepoint (normal execution)

VM Mutex/Monitor currently owned by a thread: None

Heap address: 0x0000000080000000, size: 2048 MB, Compressed Oops mode: 32-bit

CDS archive(s) mapped at: [0x0000022900000000-0x0000022900ba0000-0x0000022900ba0000), size 12189696, SharedBaseAddress: 0x0000022900000000, ArchiveRelocationMode: 1.
Compressed class space mapped at: 0x0000022901000000-0x0000022941000000, reserved size: 1073741824
Narrow klass base: 0x0000022900000000, Narrow klass shift: 0, Narrow klass range: 0x100000000

GC Precious Log:
 CardTable entry size: 512
 CPUs: 8 total, 8 available
 Memory: 7975M
 Large Page Support: Disabled
 NUMA Support: Disabled
 Compressed Oops: Enabled (32-bit)
 Alignments: Space 512K, Generation 512K, Heap 2M
 Heap Min Capacity: 100M
 Heap Initial Capacity: 100M
 Heap Max Capacity: 2G
 Pre-touch: Disabled
 Parallel Workers: 8

Heap:
 PSYoungGen      total 15360K, used 11908K [0x00000000d5580000, 0x00000000d6600000, 0x0000000100000000)
  eden space 14336K, 78% used [0x00000000d5580000,0x00000000d607bee0,0x00000000d6380000)
  from space 1024K, 64% used [0x00000000d6500000,0x00000000d65a5220,0x00000000d6600000)
  to   space 1024K, 0% used [0x00000000d6400000,0x00000000d6400000,0x00000000d6500000)
 ParOldGen       total 79872K, used 64013K [0x0000000080000000, 0x0000000084e00000, 0x00000000d5580000)
  object space 79872K, 80% used [0x0000000080000000,0x0000000083e83508,0x0000000084e00000)
 Metaspace       used 59184K, committed 60672K, reserved 1114112K
  class space    used 6359K, committed 7040K, reserved 1048576K

Card table byte_map: [0x0000022968db0000,0x00000229691c0000] _byte_map_base: 0x00000229689b0000

Marking Bits: (ParMarkBitMap*) 0x00007ffea31f3450
 Begin Bits: [0x000002297b8c0000, 0x000002297d8c0000)
 End Bits:   [0x000002297d8c0000, 0x000002297f8c0000)

Polling page: 0x0000022967670000

Metaspace:

Usage:
  Non-class:     51.59 MB used.
      Class:      6.21 MB used.
       Both:     57.80 MB used.

Virtual space:
  Non-class space:       64.00 MB reserved,      52.38 MB ( 82%) committed,  1 nodes.
      Class space:        1.00 GB reserved,       6.88 MB ( <1%) committed,  1 nodes.
             Both:        1.06 GB reserved,      59.25 MB (  5%) committed. 

Chunk freelists:
   Non-Class:  10.75 MB
       Class:  9.00 MB
        Both:  19.75 MB

MaxMetaspaceSize: unlimited
CompressedClassSpaceSize: 1.00 GB
Initial GC threshold: 21.00 MB
Current GC threshold: 97.31 MB
CDS: on
 - commit_granule_bytes: 65536.
 - commit_granule_words: 8192.
 - virtual_space_node_default_size: 8388608.
 - enlarge_chunks_in_place: 1.
 - use_allocation_guard: 0.


Internal statistics:

num_allocs_failed_limit: 9.
num_arena_births: 1162.
num_arena_deaths: 18.
num_vsnodes_births: 2.
num_vsnodes_deaths: 0.
num_space_committed: 948.
num_space_uncommitted: 0.
num_chunks_returned_to_freelist: 29.
num_chunks_taken_from_freelist: 3984.
num_chunk_merges: 16.
num_chunk_splits: 2414.
num_chunks_enlarged: 1322.
num_inconsistent_stats: 0.

CodeHeap 'non-profiled nmethods': size=120000Kb used=6223Kb max_used=6223Kb free=113776Kb
 bounds [0x00000229740e0000, 0x0000022974700000, 0x000002297b610000]
CodeHeap 'profiled nmethods': size=120000Kb used=21630Kb max_used=21630Kb free=98369Kb
 bounds [0x000002296c610000, 0x000002296db40000, 0x0000022973b40000]
CodeHeap 'non-nmethods': size=5760Kb used=1423Kb max_used=1475Kb free=4336Kb
 bounds [0x0000022973b40000, 0x0000022973db0000, 0x00000229740e0000]
CodeCache: size=245760Kb, used=29276Kb, max_used=29328Kb, free=216481Kb
 total_blobs=10598, nmethods=9873, adapters=631, full_count=0
Compilation: enabled, stopped_count=0, restarted_count=0

Compilation events (20 events):
Event: 419.353 Thread 0x00000229427b39d0 10566   !   3       org.eclipse.jdt.internal.core.search.matching.JavaSearchNameEnvironment::mapToClassPathLocation (219 bytes)
Event: 419.354 Thread 0x00000229427b39d0 nmethod 10566 0x000002296db19210 code [0x000002296db19620, 0x000002296db1b578]
Event: 419.358 Thread 0x00000229427b39d0 10567       3       org.osgi.util.tracker.ServiceTracker::getService (33 bytes)
Event: 420.353 Thread 0x00000229427b39d0 nmethod 10567 0x000002296db1c290 code [0x000002296db1c480, 0x000002296db1cb18]
Event: 420.353 Thread 0x00000229427b39d0 10580       3       org.eclipse.jdt.internal.core.builder.ClasspathJar::isPackage (55 bytes)
Event: 420.353 Thread 0x000002294a891d60 10570       4       java.util.TreeMap::put (221 bytes)
Event: 420.354 Thread 0x00000229427b39d0 nmethod 10580 0x000002296db1cd90 code [0x000002296db1cfa0, 0x000002296db1d4e0]
Event: 420.354 Thread 0x00000229427b39d0 10574       3       org.eclipse.core.internal.resources.ProjectDescription::hasNature (47 bytes)
Event: 420.354 Thread 0x00000229427b39d0 nmethod 10574 0x000002296db1d690 code [0x000002296db1d860, 0x000002296db1dbb8]
Event: 420.354 Thread 0x00000229427b39d0 10588       3       java.util.Arrays::stream (8 bytes)
Event: 420.354 Thread 0x00000229427b39d0 nmethod 10588 0x000002296db1dd90 code [0x000002296db1df60, 0x000002296db1e180]
Event: 420.354 Thread 0x00000229427b39d0 10571       3       org.eclipse.core.internal.resources.ProjectPreferences::getLoadLevel (59 bytes)
Event: 420.355 Thread 0x00000229427b39d0 nmethod 10571 0x000002296db1e290 code [0x000002296db1e4a0, 0x000002296db1eb28]
Event: 420.355 Thread 0x00000229427b39d0 10568       3       org.eclipse.core.internal.resources.Resource::checkExists (38 bytes)
Event: 420.356 Thread 0x00000229427b39d0 nmethod 10568 0x000002296db1ed90 code [0x000002296db1efa0, 0x000002296db1f618]
Event: 420.356 Thread 0x00000229427b39d0 10591       3       java.util.HashMap::remove (26 bytes)
Event: 420.356 Thread 0x00000229427b39d0 nmethod 10591 0x000002296db1f810 code [0x000002296db1f9e0, 0x000002296db1fd48]
Event: 420.356 Thread 0x00000229427b39d0 10586       3       java.lang.invoke.DelegatingMethodHandle$Holder::reinvoke_L (20 bytes)
Event: 420.356 Thread 0x00000229427b39d0 nmethod 10586 0x000002296db1fe90 code [0x000002296db20060, 0x000002296db20460]
Event: 420.356 Thread 0x00000229427b39d0 10592       3       java.util.LinkedHashSet::<init> (28 bytes)

GC Heap History (20 events):
Event: 17.105 GC heap before
{Heap before GC invocations=66 (full 2):
 PSYoungGen      total 15360K, used 15168K [0x00000000d5580000, 0x00000000d6600000, 0x0000000100000000)
  eden space 14336K, 100% used [0x00000000d5580000,0x00000000d6380000,0x00000000d6380000)
  from space 1024K, 81% used [0x00000000d6400000,0x00000000d64d0000,0x00000000d6500000)
  to   space 1024K, 0% used [0x00000000d6500000,0x00000000d6500000,0x00000000d6600000)
 ParOldGen       total 75776K, used 75368K [0x0000000080000000, 0x0000000084a00000, 0x00000000d5580000)
  object space 75776K, 99% used [0x0000000080000000,0x000000008499a148,0x0000000084a00000)
 Metaspace       used 53586K, committed 55104K, reserved 1114112K
  class space    used 5726K, committed 6336K, reserved 1048576K
}
Event: 17.107 GC heap after
{Heap after GC invocations=66 (full 2):
 PSYoungGen      total 15360K, used 1024K [0x00000000d5580000, 0x00000000d6680000, 0x0000000100000000)
  eden space 14336K, 0% used [0x00000000d5580000,0x00000000d5580000,0x00000000d6380000)
  from space 1024K, 100% used [0x00000000d6500000,0x00000000d6600000,0x00000000d6600000)
  to   space 1536K, 0% used [0x00000000d6380000,0x00000000d6380000,0x00000000d6500000)
 ParOldGen       total 75776K, used 75720K [0x0000000080000000, 0x0000000084a00000, 0x00000000d5580000)
  object space 75776K, 99% used [0x0000000080000000,0x00000000849f2148,0x0000000084a00000)
 Metaspace       used 53586K, committed 55104K, reserved 1114112K
  class space    used 5726K, committed 6336K, reserved 1048576K
}
Event: 17.159 GC heap before
{Heap before GC invocations=67 (full 2):
 PSYoungGen      total 15360K, used 15360K [0x00000000d5580000, 0x00000000d6680000, 0x0000000100000000)
  eden space 14336K, 100% used [0x00000000d5580000,0x00000000d6380000,0x00000000d6380000)
  from space 1024K, 100% used [0x00000000d6500000,0x00000000d6600000,0x00000000d6600000)
  to   space 1536K, 0% used [0x00000000d6380000,0x00000000d6380000,0x00000000d6500000)
 ParOldGen       total 75776K, used 75720K [0x0000000080000000, 0x0000000084a00000, 0x00000000d5580000)
  object space 75776K, 99% used [0x0000000080000000,0x00000000849f2148,0x0000000084a00000)
 Metaspace       used 53654K, committed 55168K, reserved 1114112K
  class space    used 5728K, committed 6336K, reserved 1048576K
}
Event: 17.162 GC heap after
{Heap after GC invocations=67 (full 2):
 PSYoungGen      total 15872K, used 960K [0x00000000d5580000, 0x00000000d6680000, 0x0000000100000000)
  eden space 14336K, 0% used [0x00000000d5580000,0x00000000d5580000,0x00000000d6380000)
  from space 1536K, 62% used [0x00000000d6380000,0x00000000d6470000,0x00000000d6500000)
  to   space 1536K, 0% used [0x00000000d6500000,0x00000000d6500000,0x00000000d6680000)
 ParOldGen       total 76800K, used 76592K [0x0000000080000000, 0x0000000084b00000, 0x00000000d5580000)
  object space 76800K, 99% used [0x0000000080000000,0x0000000084acc148,0x0000000084b00000)
 Metaspace       used 53654K, committed 55168K, reserved 1114112K
  class space    used 5728K, committed 6336K, reserved 1048576K
}
Event: 17.268 GC heap before
{Heap before GC invocations=68 (full 2):
 PSYoungGen      total 15872K, used 15295K [0x00000000d5580000, 0x00000000d6680000, 0x0000000100000000)
  eden space 14336K, 99% used [0x00000000d5580000,0x00000000d637ffe8,0x00000000d6380000)
  from space 1536K, 62% used [0x00000000d6380000,0x00000000d6470000,0x00000000d6500000)
  to   space 1536K, 0% used [0x00000000d6500000,0x00000000d6500000,0x00000000d6680000)
 ParOldGen       total 76800K, used 76592K [0x0000000080000000, 0x0000000084b00000, 0x00000000d5580000)
  object space 76800K, 99% used [0x0000000080000000,0x0000000084acc148,0x0000000084b00000)
 Metaspace       used 54918K, committed 56384K, reserved 1114112K
  class space    used 5863K, committed 6464K, reserved 1048576K
}
Event: 17.269 GC heap after
{Heap after GC invocations=68 (full 2):
 PSYoungGen      total 15360K, used 896K [0x00000000d5580000, 0x00000000d6600000, 0x0000000100000000)
  eden space 14336K, 0% used [0x00000000d5580000,0x00000000d5580000,0x00000000d6380000)
  from space 1024K, 87% used [0x00000000d6500000,0x00000000d65e0000,0x00000000d6600000)
  to   space 1024K, 0% used [0x00000000d6400000,0x00000000d6400000,0x00000000d6500000)
 ParOldGen       total 77824K, used 77368K [0x0000000080000000, 0x0000000084c00000, 0x00000000d5580000)
  object space 77824K, 99% used [0x0000000080000000,0x0000000084b8e158,0x0000000084c00000)
 Metaspace       used 54918K, committed 56384K, reserved 1114112K
  class space    used 5863K, committed 6464K, reserved 1048576K
}
Event: 17.449 GC heap before
{Heap before GC invocations=69 (full 2):
 PSYoungGen      total 15360K, used 15232K [0x00000000d5580000, 0x00000000d6600000, 0x0000000100000000)
  eden space 14336K, 100% used [0x00000000d5580000,0x00000000d6380000,0x00000000d6380000)
  from space 1024K, 87% used [0x00000000d6500000,0x00000000d65e0000,0x00000000d6600000)
  to   space 1024K, 0% used [0x00000000d6400000,0x00000000d6400000,0x00000000d6500000)
 ParOldGen       total 77824K, used 77368K [0x0000000080000000, 0x0000000084c00000, 0x00000000d5580000)
  object space 77824K, 99% used [0x0000000080000000,0x0000000084b8e158,0x0000000084c00000)
 Metaspace       used 55856K, committed 57408K, reserved 1114112K
  class space    used 5990K, committed 6656K, reserved 1048576K
}
Event: 17.451 GC heap after
{Heap after GC invocations=69 (full 2):
 PSYoungGen      total 15360K, used 555K [0x00000000d5580000, 0x00000000d6580000, 0x0000000100000000)
  eden space 14336K, 0% used [0x00000000d5580000,0x00000000d5580000,0x00000000d6380000)
  from space 1024K, 54% used [0x00000000d6400000,0x00000000d648ae68,0x00000000d6500000)
  to   space 512K, 0% used [0x00000000d6500000,0x00000000d6500000,0x00000000d6580000)
 ParOldGen       total 78336K, used 78111K [0x0000000080000000, 0x0000000084c80000, 0x00000000d5580000)
  object space 78336K, 99% used [0x0000000080000000,0x0000000084c47e48,0x0000000084c80000)
 Metaspace       used 55856K, committed 57408K, reserved 1114112K
  class space    used 5990K, committed 6656K, reserved 1048576K
}
Event: 17.655 GC heap before
{Heap before GC invocations=70 (full 2):
 PSYoungGen      total 15360K, used 14891K [0x00000000d5580000, 0x00000000d6580000, 0x0000000100000000)
  eden space 14336K, 100% used [0x00000000d5580000,0x00000000d6380000,0x00000000d6380000)
  from space 1024K, 54% used [0x00000000d6400000,0x00000000d648ae68,0x00000000d6500000)
  to   space 512K, 0% used [0x00000000d6500000,0x00000000d6500000,0x00000000d6580000)
 ParOldGen       total 78336K, used 78111K [0x0000000080000000, 0x0000000084c80000, 0x00000000d5580000)
  object space 78336K, 99% used [0x0000000080000000,0x0000000084c47e48,0x0000000084c80000)
 Metaspace       used 56242K, committed 57792K, reserved 1114112K
  class space    used 6053K, committed 6720K, reserved 1048576K
}
Event: 17.657 GC heap after
{Heap after GC invocations=70 (full 2):
 PSYoungGen      total 14848K, used 480K [0x00000000d5580000, 0x00000000d6580000, 0x0000000100000000)
  eden space 14336K, 0% used [0x00000000d5580000,0x00000000d5580000,0x00000000d6380000)
  from space 512K, 93% used [0x00000000d6500000,0x00000000d6578020,0x00000000d6580000)
  to   space 1024K, 0% used [0x00000000d6380000,0x00000000d6380000,0x00000000d6480000)
 ParOldGen       total 78848K, used 78534K [0x0000000080000000, 0x0000000084d00000, 0x00000000d5580000)
  object space 78848K, 99% used [0x0000000080000000,0x0000000084cb1bd8,0x0000000084d00000)
 Metaspace       used 56242K, committed 57792K, reserved 1114112K
  class space    used 6053K, committed 6720K, reserved 1048576K
}
Event: 18.091 GC heap before
{Heap before GC invocations=71 (full 2):
 PSYoungGen      total 14848K, used 14771K [0x00000000d5580000, 0x00000000d6580000, 0x0000000100000000)
  eden space 14336K, 99% used [0x00000000d5580000,0x00000000d6374c08,0x00000000d6380000)
  from space 512K, 93% used [0x00000000d6500000,0x00000000d6578020,0x00000000d6580000)
  to   space 1024K, 0% used [0x00000000d6380000,0x00000000d6380000,0x00000000d6480000)
 ParOldGen       total 78848K, used 78534K [0x0000000080000000, 0x0000000084d00000, 0x00000000d5580000)
  object space 78848K, 99% used [0x0000000080000000,0x0000000084cb1bd8,0x0000000084d00000)
 Metaspace       used 56848K, committed 58368K, reserved 1114112K
  class space    used 6101K, committed 6784K, reserved 1048576K
}
Event: 18.093 GC heap after
{Heap after GC invocations=71 (full 2):
 PSYoungGen      total 15360K, used 320K [0x00000000d5580000, 0x00000000d6580000, 0x0000000100000000)
  eden space 14336K, 0% used [0x00000000d5580000,0x00000000d5580000,0x00000000d6380000)
  from space 1024K, 31% used [0x00000000d6380000,0x00000000d63d0000,0x00000000d6480000)
  to   space 1024K, 0% used [0x00000000d6480000,0x00000000d6480000,0x00000000d6580000)
 ParOldGen       total 79360K, used 78923K [0x0000000080000000, 0x0000000084d80000, 0x00000000d5580000)
  object space 79360K, 99% used [0x0000000080000000,0x0000000084d12c08,0x0000000084d80000)
 Metaspace       used 56848K, committed 58368K, reserved 1114112K
  class space    used 6101K, committed 6784K, reserved 1048576K
}
Event: 18.390 GC heap before
{Heap before GC invocations=72 (full 2):
 PSYoungGen      total 15360K, used 14656K [0x00000000d5580000, 0x00000000d6580000, 0x0000000100000000)
  eden space 14336K, 100% used [0x00000000d5580000,0x00000000d6380000,0x00000000d6380000)
  from space 1024K, 31% used [0x00000000d6380000,0x00000000d63d0000,0x00000000d6480000)
  to   space 1024K, 0% used [0x00000000d6480000,0x00000000d6480000,0x00000000d6580000)
 ParOldGen       total 79360K, used 78923K [0x0000000080000000, 0x0000000084d80000, 0x00000000d5580000)
  object space 79360K, 99% used [0x0000000080000000,0x0000000084d12c08,0x0000000084d80000)
 Metaspace       used 57766K, committed 59264K, reserved 1114112K
  class space    used 6194K, committed 6848K, reserved 1048576K
}
Event: 18.391 GC heap after
{Heap after GC invocations=72 (full 2):
 PSYoungGen      total 14848K, used 320K [0x00000000d5580000, 0x00000000d6500000, 0x0000000100000000)
  eden space 14336K, 0% used [0x00000000d5580000,0x00000000d5580000,0x00000000d6380000)
  from space 512K, 62% used [0x00000000d6480000,0x00000000d64d0000,0x00000000d6500000)
  to   space 512K, 0% used [0x00000000d6400000,0x00000000d6400000,0x00000000d6480000)
 ParOldGen       total 79360K, used 79075K [0x0000000080000000, 0x0000000084d80000, 0x00000000d5580000)
  object space 79360K, 99% used [0x0000000080000000,0x0000000084d38c08,0x0000000084d80000)
 Metaspace       used 57766K, committed 59264K, reserved 1114112K
  class space    used 6194K, committed 6848K, reserved 1048576K
}
Event: 18.555 GC heap before
{Heap before GC invocations=73 (full 2):
 PSYoungGen      total 14848K, used 5607K [0x00000000d5580000, 0x00000000d6500000, 0x0000000100000000)
  eden space 14336K, 36% used [0x00000000d5580000,0x00000000d5aa9c40,0x00000000d6380000)
  from space 512K, 62% used [0x00000000d6480000,0x00000000d64d0000,0x00000000d6500000)
  to   space 512K, 0% used [0x00000000d6400000,0x00000000d6400000,0x00000000d6480000)
 ParOldGen       total 79360K, used 79075K [0x0000000080000000, 0x0000000084d80000, 0x00000000d5580000)
  object space 79360K, 99% used [0x0000000080000000,0x0000000084d38c08,0x0000000084d80000)
 Metaspace       used 58298K, committed 59776K, reserved 1114112K
  class space    used 6247K, committed 6912K, reserved 1048576K
}
Event: 18.558 GC heap after
{Heap after GC invocations=73 (full 2):
 PSYoungGen      total 14848K, used 486K [0x00000000d5580000, 0x00000000d6680000, 0x0000000100000000)
  eden space 14336K, 0% used [0x00000000d5580000,0x00000000d5580000,0x00000000d6380000)
  from space 512K, 95% used [0x00000000d6400000,0x00000000d6479aa8,0x00000000d6480000)
  to   space 1536K, 0% used [0x00000000d6500000,0x00000000d6500000,0x00000000d6680000)
 ParOldGen       total 79872K, used 79840K [0x0000000080000000, 0x0000000084e00000, 0x00000000d5580000)
  object space 79872K, 99% used [0x0000000080000000,0x0000000084df80d0,0x0000000084e00000)
 Metaspace       used 58298K, committed 59776K, reserved 1114112K
  class space    used 6247K, committed 6912K, reserved 1048576K
}
Event: 18.558 GC heap before
{Heap before GC invocations=74 (full 3):
 PSYoungGen      total 14848K, used 486K [0x00000000d5580000, 0x00000000d6680000, 0x0000000100000000)
  eden space 14336K, 0% used [0x00000000d5580000,0x00000000d5580000,0x00000000d6380000)
  from space 512K, 95% used [0x00000000d6400000,0x00000000d6479aa8,0x00000000d6480000)
  to   space 1536K, 0% used [0x00000000d6500000,0x00000000d6500000,0x00000000d6680000)
 ParOldGen       total 79872K, used 79840K [0x0000000080000000, 0x0000000084e00000, 0x00000000d5580000)
  object space 79872K, 99% used [0x0000000080000000,0x0000000084df80d0,0x0000000084e00000)
 Metaspace       used 58298K, committed 59776K, reserved 1114112K
  class space    used 6247K, committed 6912K, reserved 1048576K
}
Event: 18.650 GC heap after
{Heap after GC invocations=74 (full 3):
 PSYoungGen      total 14848K, used 0K [0x00000000d5580000, 0x00000000d6680000, 0x0000000100000000)
  eden space 14336K, 0% used [0x00000000d5580000,0x00000000d5580000,0x00000000d6380000)
  from space 512K, 0% used [0x00000000d6400000,0x00000000d6400000,0x00000000d6480000)
  to   space 1536K, 0% used [0x00000000d6500000,0x00000000d6500000,0x00000000d6680000)
 ParOldGen       total 79872K, used 64005K [0x0000000080000000, 0x0000000084e00000, 0x00000000d5580000)
  object space 79872K, 80% used [0x0000000080000000,0x0000000083e81508,0x0000000084e00000)
 Metaspace       used 58295K, committed 59776K, reserved 1114112K
  class space    used 6246K, committed 6912K, reserved 1048576K
}
Event: 418.301 GC heap before
{Heap before GC invocations=75 (full 3):
 PSYoungGen      total 14848K, used 14336K [0x00000000d5580000, 0x00000000d6680000, 0x0000000100000000)
  eden space 14336K, 100% used [0x00000000d5580000,0x00000000d6380000,0x00000000d6380000)
  from space 512K, 0% used [0x00000000d6400000,0x00000000d6400000,0x00000000d6480000)
  to   space 1536K, 0% used [0x00000000d6500000,0x00000000d6500000,0x00000000d6680000)
 ParOldGen       total 79872K, used 64005K [0x0000000080000000, 0x0000000084e00000, 0x00000000d5580000)
  object space 79872K, 80% used [0x0000000080000000,0x0000000083e81508,0x0000000084e00000)
 Metaspace       used 59147K, committed 60672K, reserved 1114112K
  class space    used 6358K, committed 7040K, reserved 1048576K
}
Event: 419.313 GC heap after
{Heap after GC invocations=75 (full 3):
 PSYoungGen      total 15360K, used 660K [0x00000000d5580000, 0x00000000d6600000, 0x0000000100000000)
  eden space 14336K, 0% used [0x00000000d5580000,0x00000000d5580000,0x00000000d6380000)
  from space 1024K, 64% used [0x00000000d6500000,0x00000000d65a5220,0x00000000d6600000)
  to   space 1024K, 0% used [0x00000000d6400000,0x00000000d6400000,0x00000000d6500000)
 ParOldGen       total 79872K, used 64013K [0x0000000080000000, 0x0000000084e00000, 0x00000000d5580000)
  object space 79872K, 80% used [0x0000000080000000,0x0000000083e83508,0x0000000084e00000)
 Metaspace       used 59147K, committed 60672K, reserved 1114112K
  class space    used 6358K, committed 7040K, reserved 1048576K
}

Dll operation events (10 events):
Event: 0.018 Loaded shared library c:\Users\welcome\.vscode\extensions\redhat.java-1.54.0-win32-x64\jre\21.0.10-win32-x86_64\bin\java.dll
Event: 0.124 Loaded shared library c:\Users\welcome\.vscode\extensions\redhat.java-1.54.0-win32-x64\jre\21.0.10-win32-x86_64\bin\zip.dll
Event: 0.147 Loaded shared library C:\Users\welcome\.vscode\extensions\redhat.java-1.54.0-win32-x64\jre\21.0.10-win32-x86_64\bin\instrument.dll
Event: 0.152 Loaded shared library C:\Users\welcome\.vscode\extensions\redhat.java-1.54.0-win32-x64\jre\21.0.10-win32-x86_64\bin\net.dll
Event: 0.155 Loaded shared library C:\Users\welcome\.vscode\extensions\redhat.java-1.54.0-win32-x64\jre\21.0.10-win32-x86_64\bin\nio.dll
Event: 0.200 Loaded shared library C:\Users\welcome\.vscode\extensions\redhat.java-1.54.0-win32-x64\jre\21.0.10-win32-x86_64\bin\zip.dll
Event: 0.245 Loaded shared library C:\Users\welcome\.vscode\extensions\redhat.java-1.54.0-win32-x64\jre\21.0.10-win32-x86_64\bin\jimage.dll
Event: 0.354 Loaded shared library c:\Users\welcome\.vscode\extensions\redhat.java-1.54.0-win32-x64\jre\21.0.10-win32-x86_64\bin\verify.dll
Event: 1.949 Loaded shared library C:\Users\welcome\AppData\Roaming\Code\User\globalStorage\redhat.java\1.54.0\config_win\org.eclipse.equinox.launcher\org.eclipse.equinox.launcher.win32.win32.x86_64_1.3.0.v20260203-2149\eclipse_11919.dll
Event: 5.344 Loaded shared library C:\Users\welcome\AppData\Local\Temp\jna-1233099618\jna12931002987096705032.dll

Deoptimization events (20 events):
Event: 31.733 Thread 0x000002294798a040 DEOPT PACKING pc=0x000002296cdeca5e sp=0x000000306a4fefd0
Event: 31.733 Thread 0x000002294798a040 DEOPT UNPACKING pc=0x0000022973b978e2 sp=0x000000306a4fe528 mode 0
Event: 31.734 Thread 0x000002294798a040 DEOPT PACKING pc=0x000002296cdeca5e sp=0x000000306a4fefd0
Event: 31.734 Thread 0x000002294798a040 DEOPT UNPACKING pc=0x0000022973b978e2 sp=0x000000306a4fe528 mode 0
Event: 31.735 Thread 0x000002294798a040 DEOPT PACKING pc=0x000002296cdeca5e sp=0x000000306a4fefd0
Event: 31.735 Thread 0x000002294798a040 DEOPT UNPACKING pc=0x0000022973b978e2 sp=0x000000306a4fe528 mode 0
Event: 31.736 Thread 0x000002294798a040 DEOPT PACKING pc=0x000002296cdeca5e sp=0x000000306a4fefd0
Event: 31.736 Thread 0x000002294798a040 DEOPT UNPACKING pc=0x0000022973b978e2 sp=0x000000306a4fe528 mode 0
Event: 31.736 Thread 0x000002294798a040 DEOPT PACKING pc=0x000002296cdeca5e sp=0x000000306a4fefd0
Event: 31.736 Thread 0x000002294798a040 DEOPT UNPACKING pc=0x0000022973b978e2 sp=0x000000306a4fe528 mode 0
Event: 31.736 Thread 0x000002294798a040 DEOPT PACKING pc=0x000002296cdeca5e sp=0x000000306a4fefd0
Event: 31.736 Thread 0x000002294798a040 DEOPT UNPACKING pc=0x0000022973b978e2 sp=0x000000306a4fe528 mode 0
Event: 31.737 Thread 0x000002294798a040 DEOPT PACKING pc=0x000002296cdeca5e sp=0x000000306a4fefd0
Event: 31.737 Thread 0x000002294798a040 DEOPT UNPACKING pc=0x0000022973b978e2 sp=0x000000306a4fe528 mode 0
Event: 31.737 Thread 0x000002294798a040 DEOPT PACKING pc=0x000002296cdeca5e sp=0x000000306a4fefd0
Event: 31.737 Thread 0x000002294798a040 DEOPT UNPACKING pc=0x0000022973b978e2 sp=0x000000306a4fe528 mode 0
Event: 31.737 Thread 0x000002294798a040 DEOPT PACKING pc=0x000002296cdeca5e sp=0x000000306a4fefd0
Event: 31.737 Thread 0x000002294798a040 DEOPT UNPACKING pc=0x0000022973b978e2 sp=0x000000306a4fe528 mode 0
Event: 31.738 Thread 0x000002294798a040 DEOPT PACKING pc=0x000002296cdeca5e sp=0x000000306a4fefd0
Event: 31.738 Thread 0x000002294798a040 DEOPT UNPACKING pc=0x0000022973b978e2 sp=0x000000306a4fe528 mode 0

Classes loaded (20 events):
Event: 18.427 Loading class java/util/stream/ReduceOps$4ReducingSink
Event: 18.427 Loading class java/util/stream/ReduceOps$4ReducingSink done
Event: 18.435 Loading class java/nio/file/Files$2
Event: 18.435 Loading class java/nio/file/Files$2 done
Event: 18.798 Loading class java/util/Hashtable$ValueCollection
Event: 18.798 Loading class java/util/Hashtable$ValueCollection done
Event: 18.810 Loading class java/util/stream/DistinctOps
Event: 18.810 Loading class java/util/stream/DistinctOps done
Event: 18.810 Loading class java/util/stream/DistinctOps$1
Event: 18.810 Loading class java/util/stream/DistinctOps$1 done
Event: 18.813 Loading class java/util/stream/DistinctOps$1$2
Event: 18.814 Loading class java/util/stream/DistinctOps$1$2 done
Event: 31.781 Loading class sun/nio/cs/ISO_8859_1$Encoder
Event: 31.781 Loading class sun/nio/cs/ISO_8859_1$Encoder done
Event: 31.782 Loading class sun/nio/cs/Surrogate$Parser
Event: 31.782 Loading class sun/nio/cs/Surrogate$Parser done
Event: 31.782 Loading class sun/nio/cs/Surrogate
Event: 31.782 Loading class sun/nio/cs/Surrogate done
Event: 254.883 Loading class java/util/ImmutableCollections$SubList
Event: 254.887 Loading class java/util/ImmutableCollections$SubList done

Classes unloaded (9 events):
Event: 6.383 Thread 0x00000229694ce9a0 Unloading class 0x00000229011ad400 'java/lang/invoke/LambdaForm$MH+0x00000229011ad400'
Event: 6.383 Thread 0x00000229694ce9a0 Unloading class 0x00000229011ad000 'java/lang/invoke/LambdaForm$MH+0x00000229011ad000'
Event: 6.383 Thread 0x00000229694ce9a0 Unloading class 0x00000229011acc00 'java/lang/invoke/LambdaForm$MH+0x00000229011acc00'
Event: 6.383 Thread 0x00000229694ce9a0 Unloading class 0x00000229011ac800 'java/lang/invoke/LambdaForm$MH+0x00000229011ac800'
Event: 6.383 Thread 0x00000229694ce9a0 Unloading class 0x00000229011ac400 'java/lang/invoke/LambdaForm$BMH+0x00000229011ac400'
Event: 6.383 Thread 0x00000229694ce9a0 Unloading class 0x00000229011ac000 'java/lang/invoke/LambdaForm$DMH+0x00000229011ac000'
Event: 6.383 Thread 0x00000229694ce9a0 Unloading class 0x00000229011aac00 'java/lang/invoke/LambdaForm$DMH+0x00000229011aac00'
Event: 18.577 Thread 0x00000229694ce9a0 Unloading class 0x0000022901649c00 'java/lang/invoke/LambdaForm$DMH+0x0000022901649c00'
Event: 18.577 Thread 0x00000229694ce9a0 Unloading class 0x0000022901649400 'java/lang/invoke/LambdaForm$DMH+0x0000022901649400'

Classes redefined (0 events):
No events

Internal exceptions (20 events):
Event: 15.650 Thread 0x000002294a5b32a0 Implicit null exception at 0x00000229744a19a8 to 0x00000229744a2288
Event: 15.862 Thread 0x000002294a5b32a0 Implicit null exception at 0x000002297452107b to 0x00000229745238e0
Event: 16.131 Thread 0x000002294a5b32a0 Exception <a 'java/lang/IncompatibleClassChangeError'{0x00000000d5b16fb0}: Found class java.lang.Object, but interface was expected> (0x00000000d5b16fb0) 
thrown [s\src\hotspot\share\interpreter\linkResolver.cpp, line 840]
Event: 16.436 Thread 0x00000229483b64f0 Exception <a 'java/lang/NoSuchMethodError'{0x00000000d55d6eb0}: 'void java.lang.invoke.DirectMethodHandle$Holder.invokeInterface(java.lang.Object, java.lang.Object)'> (0x00000000d55d6eb0) 
thrown [s\src\hotspot\share\interpreter\linkResolver.cpp, line 773]
Event: 17.242 Thread 0x00000229483b64f0 Exception <a 'sun/nio/fs/WindowsException'{0x00000000d5f9c8c0}> (0x00000000d5f9c8c0) 
thrown [s\src\hotspot\share\prims\jni.cpp, line 520]
Event: 17.242 Thread 0x00000229483b64f0 Exception <a 'sun/nio/fs/WindowsException'{0x00000000d5f9d148}> (0x00000000d5f9d148) 
thrown [s\src\hotspot\share\prims\jni.cpp, line 520]
Event: 17.344 Thread 0x000002294a5b32a0 Exception <a 'java/lang/NoSuchMethodError'{0x00000000d5e70398}: 'java.lang.Object java.lang.invoke.DirectMethodHandle$Holder.invokeVirtual(java.lang.Object, java.lang.Object, int)'> (0x00000000d5e70398) 
thrown [s\src\hotspot\share\interpreter\linkResolver.cpp, line 773]
Event: 17.617 Thread 0x000002294a5b2580 Exception <a 'sun/nio/fs/WindowsException'{0x00000000d5d58cc8}> (0x00000000d5d58cc8) 
thrown [s\src\hotspot\share\prims\jni.cpp, line 520]
Event: 17.617 Thread 0x000002294a5b2580 Exception <a 'sun/nio/fs/WindowsException'{0x00000000d5d595d8}> (0x00000000d5d595d8) 
thrown [s\src\hotspot\share\prims\jni.cpp, line 520]
Event: 17.618 Thread 0x000002294a5b2580 Exception <a 'sun/nio/fs/WindowsException'{0x00000000d5d5a428}> (0x00000000d5d5a428) 
thrown [s\src\hotspot\share\prims\jni.cpp, line 520]
Event: 17.618 Thread 0x000002294a5b2580 Exception <a 'sun/nio/fs/WindowsException'{0x00000000d5d5ad18}> (0x00000000d5d5ad18) 
thrown [s\src\hotspot\share\prims\jni.cpp, line 520]
Event: 17.618 Thread 0x000002294a5b2580 Exception <a 'sun/nio/fs/WindowsException'{0x00000000d5d5c600}> (0x00000000d5d5c600) 
thrown [s\src\hotspot\share\prims\jni.cpp, line 520]
Event: 17.618 Thread 0x000002294a5b2580 Exception <a 'sun/nio/fs/WindowsException'{0x00000000d5d5cef0}> (0x00000000d5d5cef0) 
thrown [s\src\hotspot\share\prims\jni.cpp, line 520]
Event: 17.624 Thread 0x000002294a5b2580 Exception <a 'sun/nio/fs/WindowsException'{0x00000000d6035508}> (0x00000000d6035508) 
thrown [s\src\hotspot\share\prims\jni.cpp, line 520]
Event: 17.624 Thread 0x000002294a5b2580 Exception <a 'sun/nio/fs/WindowsException'{0x00000000d6035df8}> (0x00000000d6035df8) 
thrown [s\src\hotspot\share\prims\jni.cpp, line 520]
Event: 18.438 Thread 0x000002294a5b32a0 Exception <a 'java/lang/NoSuchMethodError'{0x00000000d56aae18}: 'int java.lang.invoke.DirectMethodHandle$Holder.invokeSpecialIFC(java.lang.Object, java.lang.Object, java.lang.Object)'> (0x00000000d56aae18) 
thrown [s\src\hotspot\share\interpreter\linkResolver.cpp, line 773]
Event: 22.207 Thread 0x00000229483b3700 Exception <a 'sun/nio/fs/WindowsException'{0x00000000d5cbf3a8}> (0x00000000d5cbf3a8) 
thrown [s\src\hotspot\share\prims\jni.cpp, line 520]
Event: 22.207 Thread 0x00000229483b3700 Exception <a 'sun/nio/fs/WindowsException'{0x00000000d5cbfc40}> (0x00000000d5cbfc40) 
thrown [s\src\hotspot\share\prims\jni.cpp, line 520]
Event: 22.210 Thread 0x00000229483b3700 Exception <a 'sun/nio/fs/WindowsException'{0x00000000d5cd8830}> (0x00000000d5cd8830) 
thrown [s\src\hotspot\share\prims\jni.cpp, line 520]
Event: 22.210 Thread 0x00000229483b3700 Exception <a 'sun/nio/fs/WindowsException'{0x00000000d5cd90c0}> (0x00000000d5cd90c0) 
thrown [s\src\hotspot\share\prims\jni.cpp, line 520]

ZGC Phase Switch (0 events):
No events

VM Operations (20 events):
Event: 217.922 Executing safepoint VM operation: Cleanup
Event: 217.922 Executing safepoint VM operation: Cleanup done
Event: 255.183 Executing safepoint VM operation: Cleanup
Event: 255.183 Executing safepoint VM operation: Cleanup done
Event: 332.538 Executing safepoint VM operation: Cleanup
Event: 332.539 Executing safepoint VM operation: Cleanup done
Event: 338.579 Executing safepoint VM operation: Cleanup
Event: 338.580 Executing safepoint VM operation: Cleanup done
Event: 360.861 Executing non-safepoint VM operation: HandshakeAllThreads (HandshakeForDeflation)
Event: 360.861 Executing non-safepoint VM operation: HandshakeAllThreads (HandshakeForDeflation) done
Event: 360.861 Executing non-safepoint VM operation: RendezvousGCThreads
Event: 360.861 Executing non-safepoint VM operation: RendezvousGCThreads done
Event: 418.290 Executing safepoint VM operation: Cleanup
Event: 418.290 Executing safepoint VM operation: Cleanup done
Event: 418.301 Executing safepoint VM operation: ParallelGCFailedAllocation (Allocation Failure)
Event: 419.313 Executing safepoint VM operation: ParallelGCFailedAllocation (Allocation Failure) done
Event: 420.317 Executing safepoint VM operation: Cleanup
Event: 420.317 Executing safepoint VM operation: Cleanup done
Event: 421.318 Executing safepoint VM operation: Cleanup
Event: 421.318 Executing safepoint VM operation: Cleanup done

Memory protections (0 events):
No events

Nmethod flushes (20 events):
Event: 18.598 Thread 0x00000229694ce9a0 flushing  nmethod 0x000002296ce8ff10
Event: 18.598 Thread 0x00000229694ce9a0 flushing  nmethod 0x000002296ceafe10
Event: 18.598 Thread 0x00000229694ce9a0 flushing  nmethod 0x000002296ceba810
Event: 18.598 Thread 0x00000229694ce9a0 flushing  nmethod 0x000002296cebb290
Event: 18.598 Thread 0x00000229694ce9a0 flushing  nmethod 0x000002296cebba90
Event: 18.598 Thread 0x00000229694ce9a0 flushing  nmethod 0x000002296cebf890
Event: 18.598 Thread 0x00000229694ce9a0 flushing  nmethod 0x000002296cec1e10
Event: 18.598 Thread 0x00000229694ce9a0 flushing  nmethod 0x000002296ced4c10
Event: 18.598 Thread 0x00000229694ce9a0 flushing  nmethod 0x000002296ced5310
Event: 18.598 Thread 0x00000229694ce9a0 flushing  nmethod 0x000002296ced5910
Event: 18.598 Thread 0x00000229694ce9a0 flushing  nmethod 0x000002296ced6790
Event: 18.598 Thread 0x00000229694ce9a0 flushing  nmethod 0x000002296ced7f90
Event: 18.598 Thread 0x00000229694ce9a0 flushing  nmethod 0x000002296cee5290
Event: 18.598 Thread 0x00000229694ce9a0 flushing  nmethod 0x000002296ceeb090
Event: 18.598 Thread 0x00000229694ce9a0 flushing  nmethod 0x000002296cefb690
Event: 18.598 Thread 0x00000229694ce9a0 flushing  nmethod 0x000002296cf0b090
Event: 18.598 Thread 0x00000229694ce9a0 flushing  nmethod 0x000002296cf0b390
Event: 18.598 Thread 0x00000229694ce9a0 flushing  nmethod 0x000002296cf6fc90
Event: 18.598 Thread 0x00000229694ce9a0 flushing  nmethod 0x000002296cf7d190
Event: 18.598 Thread 0x00000229694ce9a0 flushing  nmethod 0x000002296cf80110

Events (20 events):
Event: 17.140 Thread 0x0000022949a77600 Thread exited: 0x0000022949a77600
Event: 17.140 Thread 0x0000022949a768e0 Thread exited: 0x0000022949a768e0
Event: 17.141 Thread 0x0000022949a77c90 Thread exited: 0x0000022949a77c90
Event: 18.008 Thread 0x00000229484eb9b0 Thread exited: 0x00000229484eb9b0
Event: 18.136 Thread 0x000002297fe90c60 Thread added: 0x00000229484eb9b0
Event: 22.042 Thread 0x00000229484eb9b0 Thread exited: 0x00000229484eb9b0
Event: 31.712 Thread 0x00000229427b39d0 Thread added: 0x000002294a891690
Event: 37.099 Thread 0x000002294a891690 Thread exited: 0x000002294a891690
Event: 82.047 Thread 0x00000229483b5e60 Thread exited: 0x00000229483b5e60
Event: 82.210 Thread 0x000002294a5b32a0 Thread exited: 0x000002294a5b32a0
Event: 82.210 Thread 0x00000229483b3d90 Thread exited: 0x00000229483b3d90
Event: 82.292 Thread 0x00000229483b64f0 Thread exited: 0x00000229483b64f0
Event: 142.212 Thread 0x000002294a5b2580 Thread exited: 0x000002294a5b2580
Event: 202.213 Thread 0x000002294a5b5370 Thread exited: 0x000002294a5b5370
Event: 262.224 Thread 0x000002294a5b4650 Thread exited: 0x000002294a5b4650
Event: 322.228 Thread 0x000002294a5b1ef0 Thread exited: 0x000002294a5b1ef0
Event: 382.243 Thread 0x000002294a5b3fc0 Thread exited: 0x000002294a5b3fc0
Event: 417.283 Thread 0x000002294a5b4ce0 Thread added: 0x0000022949a76f70
Event: 419.320 Thread 0x00000229427b39d0 Thread added: 0x000002294a891690
Event: 420.353 Thread 0x00000229427b39d0 Thread added: 0x000002294a891d60


Dynamic libraries:
0x00007ff69bcf0000 - 0x00007ff69bcfe000 	c:\Users\welcome\.vscode\extensions\redhat.java-1.54.0-win32-x64\jre\21.0.10-win32-x86_64\bin\java.exe
0x00007fff26680000 - 0x00007fff268e7000 	C:\WINDOWS\SYSTEM32\ntdll.dll
0x00007fff25c40000 - 0x00007fff25d09000 	C:\WINDOWS\System32\KERNEL32.DLL
0x00007fff23380000 - 0x00007fff23777000 	C:\WINDOWS\System32\KERNELBASE.dll
0x00007fff230b0000 - 0x00007fff231fb000 	C:\WINDOWS\System32\ucrtbase.dll
0x00007fff197a0000 - 0x00007fff197be000 	c:\Users\welcome\.vscode\extensions\redhat.java-1.54.0-win32-x64\jre\21.0.10-win32-x86_64\bin\VCRUNTIME140.dll
0x00007fff19040000 - 0x00007fff19058000 	c:\Users\welcome\.vscode\extensions\redhat.java-1.54.0-win32-x64\jre\21.0.10-win32-x86_64\bin\jli.dll
0x00007fff24650000 - 0x00007fff24816000 	C:\WINDOWS\System32\USER32.dll
0x00007fff24310000 - 0x00007fff24337000 	C:\WINDOWS\System32\win32u.dll
0x00007ffefd8d0000 - 0x00007ffefdb62000 	C:\WINDOWS\WinSxS\amd64_microsoft.windows.common-controls_6595b64144ccf1df_6.0.26100.8457_none_3e0b2faee331e92d\COMCTL32.dll
0x00007fff24a60000 - 0x00007fff24a8b000 	C:\WINDOWS\System32\GDI32.dll
0x00007fff24820000 - 0x00007fff248c9000 	C:\WINDOWS\System32\msvcrt.dll
0x00007fff241e0000 - 0x00007fff2430c000 	C:\WINDOWS\System32\gdi32full.dll
0x00007fff23780000 - 0x00007fff23823000 	C:\WINDOWS\System32\msvcp_win.dll
0x00007fff24bb0000 - 0x00007fff24be2000 	C:\WINDOWS\System32\IMM32.DLL
0x00007fff1a950000 - 0x00007fff1a95c000 	c:\Users\welcome\.vscode\extensions\redhat.java-1.54.0-win32-x64\jre\21.0.10-win32-x86_64\bin\vcruntime140_1.dll
0x00007fff14fb0000 - 0x00007fff1503d000 	c:\Users\welcome\.vscode\extensions\redhat.java-1.54.0-win32-x64\jre\21.0.10-win32-x86_64\bin\msvcp140.dll
0x00007ffea2530000 - 0x00007ffea32d1000 	c:\Users\welcome\.vscode\extensions\redhat.java-1.54.0-win32-x64\jre\21.0.10-win32-x86_64\bin\server\jvm.dll
0x00007fff24590000 - 0x00007fff24646000 	C:\WINDOWS\System32\ADVAPI32.dll
0x00007fff25d10000 - 0x00007fff25db7000 	C:\WINDOWS\System32\sechost.dll
0x00007fff255a0000 - 0x00007fff256b8000 	C:\WINDOWS\System32\RPCRT4.dll
0x00007fff248d0000 - 0x00007fff24950000 	C:\WINDOWS\System32\WS2_32.dll
0x00007fff0de10000 - 0x00007fff0de46000 	C:\WINDOWS\SYSTEM32\WINMM.dll
0x00007fff22f10000 - 0x00007fff22f6e000 	C:\WINDOWS\SYSTEM32\POWRPROF.dll
0x00007fff1c4a0000 - 0x00007fff1c4ab000 	C:\WINDOWS\SYSTEM32\VERSION.dll
0x00007fff22ef0000 - 0x00007fff22f04000 	C:\WINDOWS\SYSTEM32\UMPDC.dll
0x00007fff21e20000 - 0x00007fff21e3b000 	C:\WINDOWS\SYSTEM32\kernel.appcore.dll
0x00007fff16c90000 - 0x00007fff16c9a000 	c:\Users\welcome\.vscode\extensions\redhat.java-1.54.0-win32-x64\jre\21.0.10-win32-x86_64\bin\jimage.dll
0x00007fff20700000 - 0x00007fff20942000 	C:\WINDOWS\SYSTEM32\DBGHELP.DLL
0x00007fff258b0000 - 0x00007fff25c33000 	C:\WINDOWS\System32\combase.dll
0x00007fff25440000 - 0x00007fff25519000 	C:\WINDOWS\System32\OLEAUT32.dll
0x00007ffef6b90000 - 0x00007ffef6bcb000 	C:\WINDOWS\SYSTEM32\dbgcore.DLL
0x00007fff23830000 - 0x00007fff238d8000 	C:\WINDOWS\System32\bcryptPrimitives.dll
0x00007fff16c80000 - 0x00007fff16c8f000 	c:\Users\welcome\.vscode\extensions\redhat.java-1.54.0-win32-x64\jre\21.0.10-win32-x86_64\bin\instrument.dll
0x00007fff16930000 - 0x00007fff16950000 	c:\Users\welcome\.vscode\extensions\redhat.java-1.54.0-win32-x64\jre\21.0.10-win32-x86_64\bin\java.dll
0x00007fff25ec0000 - 0x00007fff2662e000 	C:\WINDOWS\System32\SHELL32.dll
0x00007fff238e0000 - 0x00007fff2414c000 	C:\WINDOWS\System32\windows.storage.dll
0x00007fff24960000 - 0x00007fff24a56000 	C:\WINDOWS\System32\SHCORE.dll
0x00007fff24b40000 - 0x00007fff24ba6000 	C:\WINDOWS\System32\shlwapi.dll
0x00007fff22fd0000 - 0x00007fff22ff9000 	C:\WINDOWS\SYSTEM32\profapi.dll
0x00007fff16910000 - 0x00007fff16928000 	c:\Users\welcome\.vscode\extensions\redhat.java-1.54.0-win32-x64\jre\21.0.10-win32-x86_64\bin\zip.dll
0x00007fff16c70000 - 0x00007fff16c80000 	C:\Users\welcome\.vscode\extensions\redhat.java-1.54.0-win32-x64\jre\21.0.10-win32-x86_64\bin\net.dll
0x00007fff1afb0000 - 0x00007fff1b0d9000 	C:\WINDOWS\SYSTEM32\WINHTTP.dll
0x00007fff223b0000 - 0x00007fff2241c000 	C:\WINDOWS\system32\mswsock.dll
0x00007fff15cb0000 - 0x00007fff15cc6000 	C:\Users\welcome\.vscode\extensions\redhat.java-1.54.0-win32-x64\jre\21.0.10-win32-x86_64\bin\nio.dll
0x00007fff15c60000 - 0x00007fff15c70000 	c:\Users\welcome\.vscode\extensions\redhat.java-1.54.0-win32-x64\jre\21.0.10-win32-x86_64\bin\verify.dll
0x00007fff14730000 - 0x00007fff14775000 	C:\Users\welcome\AppData\Roaming\Code\User\globalStorage\redhat.java\1.54.0\config_win\org.eclipse.equinox.launcher\org.eclipse.equinox.launcher.win32.win32.x86_64_1.3.0.v20260203-2149\eclipse_11919.dll
0x00007fff25710000 - 0x00007fff258a7000 	C:\WINDOWS\System32\ole32.dll
0x00007fff22690000 - 0x00007fff226ab000 	C:\WINDOWS\SYSTEM32\CRYPTSP.dll
0x00007fff21d80000 - 0x00007fff21db9000 	C:\WINDOWS\system32\rsaenh.dll
0x00007fff22460000 - 0x00007fff22493000 	C:\WINDOWS\SYSTEM32\USERENV.dll
0x00007fff22fa0000 - 0x00007fff22fca000 	C:\WINDOWS\SYSTEM32\bcrypt.dll
0x00007fff226b0000 - 0x00007fff226bc000 	C:\WINDOWS\SYSTEM32\CRYPTBASE.dll
0x00007fff21850000 - 0x00007fff21882000 	C:\WINDOWS\SYSTEM32\IPHLPAPI.DLL
0x00007fff24400000 - 0x00007fff2440a000 	C:\WINDOWS\System32\NSI.dll
0x00007fff129d0000 - 0x00007fff12a19000 	C:\Users\welcome\AppData\Local\Temp\jna-1233099618\jna12931002987096705032.dll
0x00007fff24a90000 - 0x00007fff24a98000 	C:\WINDOWS\System32\PSAPI.DLL
0x00007fff1bfc0000 - 0x00007fff1bfdd000 	C:\WINDOWS\SYSTEM32\dhcpcsvc6.DLL
0x00007fff1bb70000 - 0x00007fff1bb95000 	C:\WINDOWS\SYSTEM32\dhcpcsvc.DLL

JVMTI agents:
c:\Users\welcome\.vscode\extensions\redhat.java-1.54.0-win32-x64\lombok\lombok-1.18.39-4050.jar path:c:\Users\welcome\.vscode\extensions\redhat.java-1.54.0-win32-x64\jre\21.0.10-win32-x86_64\bin\instrument.dll, loaded, initialized, instrumentlib options:none

dbghelp: loaded successfully - version: 4.0.5 - missing functions: none
symbol engine: initialized successfully - sym options: 0x614 - pdb path: .;c:\Users\welcome\.vscode\extensions\redhat.java-1.54.0-win32-x64\jre\21.0.10-win32-x86_64\bin;C:\WINDOWS\SYSTEM32;C:\WINDOWS\WinSxS\amd64_microsoft.windows.common-controls_6595b64144ccf1df_6.0.26100.8457_none_3e0b2faee331e92d;c:\Users\welcome\.vscode\extensions\redhat.java-1.54.0-win32-x64\jre\21.0.10-win32-x86_64\bin\server;C:\Users\welcome\AppData\Roaming\Code\User\globalStorage\redhat.java\1.54.0\config_win\org.eclipse.equinox.launcher\org.eclipse.equinox.launcher.win32.win32.x86_64_1.3.0.v20260203-2149;C:\Users\welcome\AppData\Local\Temp\jna-1233099618

VM Arguments:
jvm_args: --add-modules=ALL-SYSTEM --add-opens=java.base/java.util=ALL-UNNAMED --add-opens=java.base/java.lang=ALL-UNNAMED --add-opens=java.base/sun.nio.fs=ALL-UNNAMED -Declipse.application=org.eclipse.jdt.ls.core.id1 -Dosgi.bundles.defaultStartLevel=4 -Declipse.product=org.eclipse.jdt.ls.core.product -Djava.import.generatesMetadataFilesAtProjectRoot=false -DDetectVMInstallationsJob.disabled=true -Dfile.encoding=utf8 -XX:+UseParallelGC -XX:GCTimeRatio=4 -XX:AdaptiveSizePolicyWeight=90 -Dsun.zip.disableMemoryMapping=true -Xmx2G -Xms100m -Xlog:disable -javaagent:c:\Users\welcome\.vscode\extensions\redhat.java-1.54.0-win32-x64\lombok\lombok-1.18.39-4050.jar -XX:+HeapDumpOnOutOfMemoryError -XX:HeapDumpPath=c:\Users\welcome\AppData\Roaming\Code\User\workspaceStorage\516c3c7fa515dde9b4f0dad9b16ca6d3\redhat.java -Daether.dependencyCollector.impl=bf 
java_command: c:\Users\welcome\.vscode\extensions\redhat.java-1.54.0-win32-x64\server\plugins\org.eclipse.equinox.launcher_1.7.100.v20251111-0406.jar -configuration c:\Users\welcome\AppData\Roaming\Code\User\globalStorage\redhat.java\1.54.0\config_win -data c:\Users\welcome\AppData\Roaming\Code\User\workspaceStorage\516c3c7fa515dde9b4f0dad9b16ca6d3\redhat.java\jdt_ws --pipe=\\.\pipe\lsp-d596195799e093f09c777b76c3c75525-sock
java_class_path (initial): c:\Users\welcome\.vscode\extensions\redhat.java-1.54.0-win32-x64\server\plugins\org.eclipse.equinox.launcher_1.7.100.v20251111-0406.jar
Launcher Type: SUN_STANDARD

[Global flags]
    uintx AdaptiveSizePolicyWeight                 = 90                                        {product} {command line}
     intx CICompilerCount                          = 4                                         {product} {ergonomic}
    uintx GCTimeRatio                              = 4                                         {product} {command line}
     bool HeapDumpOnOutOfMemoryError               = true                                   {manageable} {command line}
    ccstr HeapDumpPath                             = c:\Users\welcome\AppData\Roaming\Code\User\workspaceStorage\516c3c7fa515dde9b4f0dad9b16ca6d3\redhat.java         {manageable} {command line}
   size_t InitialHeapSize                          = 104857600                                 {product} {command line}
   size_t MaxHeapSize                              = 2147483648                                {product} {command line}
   size_t MaxNewSize                               = 715653120                                 {product} {ergonomic}
   size_t MinHeapDeltaBytes                        = 524288                                    {product} {ergonomic}
   size_t MinHeapSize                              = 104857600                                 {product} {command line}
   size_t NewSize                                  = 34603008                                  {product} {ergonomic}
    uintx NonNMethodCodeHeapSize                   = 5839372                                {pd product} {ergonomic}
    uintx NonProfiledCodeHeapSize                  = 122909434                              {pd product} {ergonomic}
   size_t OldSize                                  = 70254592                                  {product} {ergonomic}
    uintx ProfiledCodeHeapSize                     = 122909434                              {pd product} {ergonomic}
    uintx ReservedCodeCacheSize                    = 251658240                              {pd product} {ergonomic}
     bool SegmentedCodeCache                       = true                                      {product} {ergonomic}
   size_t SoftMaxHeapSize                          = 2147483648                             {manageable} {ergonomic}
     bool UseCompressedOops                        = true                           {product lp64_product} {ergonomic}
     bool UseLargePagesIndividualAllocation        = false                                  {pd product} {ergonomic}
     bool UseParallelGC                            = true                                      {product} {command line}

Logging:
Log output configuration:
 #0: stdout all=off uptime,level,tags foldmultilines=false
 #1: stderr all=off uptime,level,tags foldmultilines=false

Release file:
JAVA_VERSION="21.0.10" 
MODULES="java.base java.compiler java.datatransfer java.xml java.prefs java.desktop java.instrument java.logging java.management java.security.sasl java.naming java.rmi java.management.rmi java.net.http java.scripting java.security.jgss java.transaction.xa java.sql java.sql.rowset java.xml.crypto java.se java.smartcardio jdk.accessibility jdk.internal.jvmstat jdk.attach jdk.charsets jdk.internal.opt jdk.zipfs jdk.compiler jdk.crypto.ec jdk.crypto.cryptoki jdk.crypto.mscapi jdk.dynalink jdk.internal.ed jdk.editpad jdk.hotspot.agent jdk.httpserver jdk.internal.le jdk.internal.vm.ci jdk.internal.vm.compiler jdk.internal.vm.compiler.management jdk.jartool jdk.javadoc jdk.jcmd jdk.management jdk.management.agent jdk.jconsole jdk.jdeps jdk.jdwp.agent jdk.jdi jdk.jfr jdk.jshell jdk.jsobject jdk.jstatd jdk.localedata jdk.management.jfr jdk.naming.dns jdk.naming.rmi jdk.net jdk.nio.mapmode jdk.random jdk.sctp jdk.security.auth jdk.security.jgss jdk.unsupported jdk.unsupported.desktop jdk.xml.dom" 

Environment Variables:
JAVA_HOME=C:\Program Files\Java\jdk-26.0.1\
PATH=C:\Program Files\Common Files\Oracle\Java\javapath;C:\Python314\Scripts\;C:\Python314\;C:\Program Files\Python313\Scripts\;C:\Program Files\Python313\;C:\WINDOWS\system32;C:\WINDOWS;C:\WINDOWS\System32\Wbem;C:\WINDOWS\System32\WindowsPowerShell\v1.0\;C:\WINDOWS\System32\OpenSSH\;C:\Program Files\Git\cmd;C:\Program Files\NVIDIA Corporation\NVIDIA App\NvDLISR;C:\Program Files (x86)\NVIDIA Corporation\PhysX\Common;C:\ProgramData\chocolatey\bin;C:\Program Files\nodejs\;C:\Program Files\Java\jdk-26.0.1\bin;C:\Program Files\Apache\Maven\apache-maven-3.9.16\bin;C:\Program Files\MySQL\MySQL Shell 8.0\bin\;C:\Users\welcome\AppData\Local\Microsoft\WindowsApps;C:\Users\welcome\AppData\Local\GitHubDesktop\bin;C:\Users\welcome\AppData\Local\Programs\Microsoft VS Code\bin;C:\Users\welcome\AppData\Roaming\npm
USERNAME=welcome
OS=Windows_NT
PROCESSOR_IDENTIFIER=Intel64 Family 6 Model 140 Stepping 2, GenuineIntel
TMP=C:\Users\welcome\AppData\Local\Temp
TEMP=C:\Users\welcome\AppData\Local\Temp




Periodic native trim disabled

---------------  S Y S T E M  ---------------

OS:
 Windows 11 , 64 bit Build 26100 (10.0.26100.8328)
OS uptime: 0 days 6:23 hours
Hyper-V role detected

CPU: total 8 (initial active 8) (4 cores per cpu, 2 threads per core) family 6 model 140 stepping 2 microcode 0x26, cx8, cmov, fxsr, ht, mmx, 3dnowpref, sse, sse2, sse3, ssse3, sse4.1, sse4.2, popcnt, lzcnt, tsc, tscinvbit, avx, avx2, aes, erms, clmul, bmi1, bmi2, adx, avx512f, avx512dq, avx512cd, avx512bw, avx512vl, sha, fma, vzeroupper, avx512_vpopcntdq, avx512_vpclmulqdq, avx512_vaes, avx512_vnni, clflush, clflushopt, clwb, avx512_vbmi2, avx512_vbmi, hv, rdtscp, rdpid, fsrm, gfni, avx512_bitalg, f16c, cet_ibt, cet_ss, avx512_ifma
Processor Information for the first 8 processors :
  Max Mhz: 3187, Current Mhz: 3187, Mhz Limit: 3187

Memory: 4k page, system-wide physical 7975M (1201M free)
TotalPageFile size 26574M (AvailPageFile size 24M)
current process WorkingSet (physical memory assigned to process): 117M, peak: 301M
current process commit charge ("private bytes"): 357M, peak: 373M

vm_info: OpenJDK 64-Bit Server VM (21.0.10+7-LTS) for windows-amd64 JRE (21.0.10+7-LTS), built on 2026-01-20T00:00:00Z by "admin" with MS VC++ 17.12 (VS2022)

END.
