#
# There is insufficient memory for the Java Runtime Environment to continue.
# Native memory allocation (malloc) failed to allocate 356416 bytes. Error detail: Chunk::new
# Possible reasons:
#   The system is out of physical RAM or swap space
#   This process is running with CompressedOops enabled, and the Java Heap may be blocking the growth of the native heap
# Possible solutions:
#   Reduce memory load on the system
#   Increase physical memory or swap space
#   Check if swap backing store is full
#   Decrease Java heap size (-Xmx/-Xms)
#   Decrease number of Java threads
#   Decrease Java thread stack sizes (-Xss)
#   Set larger code cache with -XX:ReservedCodeCacheSize=
#   JVM is running with Unscaled Compressed Oops mode in which the Java heap is
#     placed in the first 4GB address space. The Java Heap base address is the
#     maximum limit for the native heap growth. Please use -XX:HeapBaseMinAddress
#     to set the Java Heap base and to place the Java Heap above 4GB virtual address.
# This output file may be truncated or incomplete.
#
#  Out of Memory Error (arena.cpp:168), pid=5712, tid=20096
#
# JRE version: OpenJDK Runtime Environment Temurin-21.0.10+7 (21.0.10+7) (build 21.0.10+7-LTS)
# Java VM: OpenJDK 64-Bit Server VM Temurin-21.0.10+7 (21.0.10+7-LTS, mixed mode, sharing, tiered, compressed oops, compressed class ptrs, parallel gc, windows-amd64)
# No core dump will be written. Minidumps are not enabled by default on client versions of Windows
#

---------------  S U M M A R Y ------------

Command Line: --add-modules=ALL-SYSTEM --add-opens=java.base/java.util=ALL-UNNAMED --add-opens=java.base/java.lang=ALL-UNNAMED --add-opens=java.base/sun.nio.fs=ALL-UNNAMED -Declipse.application=org.eclipse.jdt.ls.core.id1 -Dosgi.bundles.defaultStartLevel=4 -Declipse.product=org.eclipse.jdt.ls.core.product -Djava.import.generatesMetadataFilesAtProjectRoot=false -DDetectVMInstallationsJob.disabled=true -Dfile.encoding=utf8 -XX:+UseParallelGC -XX:GCTimeRatio=4 -XX:AdaptiveSizePolicyWeight=90 -Dsun.zip.disableMemoryMapping=true -Xmx2G -Xms100m -Xlog:disable -javaagent:c:\Users\welcome\.vscode\extensions\redhat.java-1.54.0-win32-x64\lombok\lombok-1.18.39-4050.jar -XX:+HeapDumpOnOutOfMemoryError -XX:HeapDumpPath=c:\Users\welcome\AppData\Roaming\Code\User\workspaceStorage\516c3c7fa515dde9b4f0dad9b16ca6d3\redhat.java -Daether.dependencyCollector.impl=bf c:\Users\welcome\.vscode\extensions\redhat.java-1.54.0-win32-x64\server\plugins\org.eclipse.equinox.launcher_1.7.100.v20251111-0406.jar -configuration c:\Users\welcome\AppData\Roaming\Code\User\globalStorage\redhat.java\1.54.0\config_win -data c:\Users\welcome\AppData\Roaming\Code\User\workspaceStorage\516c3c7fa515dde9b4f0dad9b16ca6d3\redhat.java\jdt_ws --pipe=\\.\pipe\lsp-22c802f15421daf23a83fbac96c6d9d9-sock

Host: 11th Gen Intel(R) Core(TM) i5-11320H @ 3.20GHz, 8 cores, 7G,  Windows 11 , 64 bit Build 26100 (10.0.26100.8328)
Time: Tue May 26 05:51:16 2026 India Standard Time elapsed time: 5.878650 seconds (0d 0h 0m 5s)

---------------  T H R E A D  ---------------

Current thread (0x000001ee62e19850):  JavaThread "C2 CompilerThread1" daemon [_thread_in_native, id=20096, stack(0x000000d77fb00000,0x000000d77fc00000) (1024K)]


Current CompileTask:
C2:5878  799       4       lombok.patcher.PatchScript::classMatches (41 bytes)

Stack: [0x000000d77fb00000,0x000000d77fc00000]
Native frames: (J=compiled Java code, j=interpreted, Vv=VM code, C=native code)
V  [jvm.dll+0x6d7a39]
V  [jvm.dll+0x8b4b26]
V  [jvm.dll+0x8b70de]
V  [jvm.dll+0x8b77c3]
V  [jvm.dll+0x284346]
V  [jvm.dll+0xc66ed]
V  [jvm.dll+0xc6c31]
V  [jvm.dll+0x3bec3b]
V  [jvm.dll+0x38b162]
V  [jvm.dll+0x38a5aa]
V  [jvm.dll+0x24c560]
V  [jvm.dll+0x24bb40]
V  [jvm.dll+0x1cb34e]
V  [jvm.dll+0x25b85d]
V  [jvm.dll+0x259dea]
V  [jvm.dll+0x3f857e]
V  [jvm.dll+0x85f59d]
V  [jvm.dll+0x6d626d]
C  [ucrtbase.dll+0x37b0]
C  [KERNEL32.DLL+0x2e957]
C  [ntdll.dll+0x427c]


---------------  P R O C E S S  ---------------

Threads class SMR info:
_java_thread_list=0x000001ee62f268b0, length=12, elements={
0x000001ee62e6e210, 0x000001ee62f2b610, 0x000001ee62f2dd20, 0x000001ee62de8fb0,
0x000001ee62dedb30, 0x000001ee62defaf0, 0x000001ee62df1440, 0x000001ee62dff450,
0x000001ee62e1acc0, 0x000001ee4521af20, 0x000001ee4521b5b0, 0x000001ee62e19850
}

Java Threads: ( => current thread )
  0x000001ee62e6e210 JavaThread "main"                              [_thread_in_vm, id=15148, stack(0x000000d77ed00000,0x000000d77ee00000) (1024K)]
  0x000001ee62f2b610 JavaThread "Reference Handler"          daemon [_thread_blocked, id=7176, stack(0x000000d77f100000,0x000000d77f200000) (1024K)]
  0x000001ee62f2dd20 JavaThread "Finalizer"                  daemon [_thread_blocked, id=4220, stack(0x000000d77f200000,0x000000d77f300000) (1024K)]
  0x000001ee62de8fb0 JavaThread "Signal Dispatcher"          daemon [_thread_blocked, id=10352, stack(0x000000d77f300000,0x000000d77f400000) (1024K)]
  0x000001ee62dedb30 JavaThread "Attach Listener"            daemon [_thread_blocked, id=20292, stack(0x000000d77f400000,0x000000d77f500000) (1024K)]
  0x000001ee62defaf0 JavaThread "Service Thread"             daemon [_thread_blocked, id=17004, stack(0x000000d77f500000,0x000000d77f600000) (1024K)]
  0x000001ee62df1440 JavaThread "Monitor Deflation Thread"   daemon [_thread_blocked, id=16864, stack(0x000000d77f600000,0x000000d77f700000) (1024K)]
  0x000001ee62dff450 JavaThread "C2 CompilerThread0"         daemon [_thread_blocked, id=12928, stack(0x000000d77f700000,0x000000d77f800000) (1024K)]
  0x000001ee62e1acc0 JavaThread "C1 CompilerThread0"         daemon [_thread_blocked, id=16116, stack(0x000000d77f800000,0x000000d77f900000) (1024K)]
  0x000001ee4521af20 JavaThread "Common-Cleaner"             daemon [_thread_blocked, id=5832, stack(0x000000d77f900000,0x000000d77fa00000) (1024K)]
  0x000001ee4521b5b0 JavaThread "Notification Thread"        daemon [_thread_blocked, id=3936, stack(0x000000d77fa00000,0x000000d77fb00000) (1024K)]
=>0x000001ee62e19850 JavaThread "C2 CompilerThread1"         daemon [_thread_in_native, id=20096, stack(0x000000d77fb00000,0x000000d77fc00000) (1024K)]
Total: 12

Other Threads:
  0x000001ee62de2630 VMThread "VM Thread"                           [id=3588, stack(0x000000d77f000000,0x000000d77f100000) (1024K)]
  0x000001ee62edbf80 WatcherThread "VM Periodic Task Thread"        [id=21772, stack(0x000000d77ef00000,0x000000d77f000000) (1024K)]
  0x000001ee62e8ca50 WorkerThread "GC Thread#0"                     [id=14092, stack(0x000000d77ee00000,0x000000d77ef00000) (1024K)]
Total: 3

Threads with active compile tasks:
C1 CompilerThread0  5893  890       3       java.lang.invoke.MemberName$Factory::resolveOrFail (79 bytes)
C2 CompilerThread1  5893  799       4       lombok.patcher.PatchScript::classMatches (41 bytes)
Total: 2

VM state: not at safepoint (normal execution)

VM Mutex/Monitor currently owned by a thread: None

Heap address: 0x0000000080000000, size: 2048 MB, Compressed Oops mode: 32-bit

CDS archive(s) mapped at: [0x000001ee00000000-0x000001ee00ba0000-0x000001ee00ba0000), size 12189696, SharedBaseAddress: 0x000001ee00000000, ArchiveRelocationMode: 1.
Compressed class space mapped at: 0x000001ee01000000-0x000001ee41000000, reserved size: 1073741824
Narrow klass base: 0x000001ee00000000, Narrow klass shift: 0, Narrow klass range: 0x100000000

GC Precious Log:
 CardTable entry size: 512
 CPUs: 8 total, 8 available
 Memory: 7975M
 Large Page Support: Disabled
 NUMA Support: Disabled
 Compressed Oops: Enabled (32-bit)
 Alignments: Space 512K, Generation 512K, Heap 2M
 Heap Min Capacity: 100M
 Heap Initial Capacity: 100M
 Heap Max Capacity: 2G
 Pre-touch: Disabled
 Parallel Workers: 8

Heap:
 PSYoungGen      total 29696K, used 17128K [0x00000000d5580000, 0x00000000d7680000, 0x0000000100000000)
  eden space 25600K, 66% used [0x00000000d5580000,0x00000000d663a3c8,0x00000000d6e80000)
  from space 4096K, 0% used [0x00000000d7280000,0x00000000d7280000,0x00000000d7680000)
  to   space 4096K, 0% used [0x00000000d6e80000,0x00000000d6e80000,0x00000000d7280000)
 ParOldGen       total 68608K, used 0K [0x0000000080000000, 0x0000000084300000, 0x00000000d5580000)
  object space 68608K, 0% used [0x0000000080000000,0x0000000080000000,0x0000000084300000)
 Metaspace       used 3361K, committed 3648K, reserved 1114112K
  class space    used 363K, committed 512K, reserved 1048576K

Card table byte_map: [0x000001ee62810000,0x000001ee62c20000] _byte_map_base: 0x000001ee62410000

Marking Bits: (ParMarkBitMap*) 0x00007ffea31f3450
 Begin Bits: [0x000001ee75320000, 0x000001ee77320000)
 End Bits:   [0x000001ee77320000, 0x000001ee79320000)

Polling page: 0x000001ee60cd0000

Metaspace:

Usage:
  Non-class:      2.93 MB used.
      Class:    363.05 KB used.
       Both:      3.28 MB used.

Virtual space:
  Non-class space:       64.00 MB reserved,       3.06 MB (  5%) committed,  1 nodes.
      Class space:        1.00 GB reserved,     512.00 KB ( <1%) committed,  1 nodes.
             Both:        1.06 GB reserved,       3.56 MB ( <1%) committed. 

Chunk freelists:
   Non-Class:  11.47 MB
       Class:  15.49 MB
        Both:  26.96 MB

MaxMetaspaceSize: unlimited
CompressedClassSpaceSize: 1.00 GB
Initial GC threshold: 21.00 MB
Current GC threshold: 21.00 MB
CDS: on
 - commit_granule_bytes: 65536.
 - commit_granule_words: 8192.
 - virtual_space_node_default_size: 8388608.
 - enlarge_chunks_in_place: 1.
 - use_allocation_guard: 0.


Internal statistics:

num_allocs_failed_limit: 0.
num_arena_births: 170.
num_arena_deaths: 0.
num_vsnodes_births: 2.
num_vsnodes_deaths: 0.
num_space_committed: 57.
num_space_uncommitted: 0.
num_chunks_returned_to_freelist: 0.
num_chunks_taken_from_freelist: 212.
num_chunk_merges: 0.
num_chunk_splits: 139.
num_chunks_enlarged: 77.
num_inconsistent_stats: 0.

CodeHeap 'non-profiled nmethods': size=120000Kb used=352Kb max_used=352Kb free=119647Kb
 bounds [0x000001ee6db40000, 0x000001ee6ddb0000, 0x000001ee75070000]
CodeHeap 'profiled nmethods': size=120000Kb used=1344Kb max_used=1344Kb free=118655Kb
 bounds [0x000001ee66070000, 0x000001ee662e0000, 0x000001ee6d5a0000]
CodeHeap 'non-nmethods': size=5760Kb used=1199Kb max_used=1225Kb free=4560Kb
 bounds [0x000001ee6d5a0000, 0x000001ee6d810000, 0x000001ee6db40000]
CodeCache: size=245760Kb, used=2895Kb, max_used=2921Kb, free=242862Kb
 total_blobs=1337, nmethods=888, adapters=356, full_count=0
Compilation: enabled, stopped_count=0, restarted_count=0

Compilation events (20 events):
Event: 3.849 Thread 0x000001ee62e1acc0 nmethod 824 0x000001ee661a6d10 code [0x000001ee661a6ec0, 0x000001ee661a70f0]
Event: 3.850 Thread 0x000001ee62e1acc0  829       3       jdk.internal.misc.Unsafe::getIntUnaligned (12 bytes)
Event: 3.850 Thread 0x000001ee62e1acc0 nmethod 829 0x000001ee661a7190 code [0x000001ee661a7340, 0x000001ee661a7598]
Event: 3.850 Thread 0x000001ee62dff450  830 %     4       sun.security.provider.SHA2::implCompress0 @ 204 (448 bytes)
Event: 3.851 Thread 0x000001ee62e18ab0  832       4       java.util.concurrent.ConcurrentHashMap::get (162 bytes)
Event: 3.851 Thread 0x000001ee62e1acc0  831       3       java.lang.invoke.MethodTypeForm::cachedLambdaForm (23 bytes)
Event: 3.851 Thread 0x000001ee62e1acc0 nmethod 831 0x000001ee661a7690 code [0x000001ee661a7860, 0x000001ee661a7bb0]
Event: 3.851 Thread 0x000001ee62e1acc0  835       3       java.lang.invoke.LambdaForm::parameterType (9 bytes)
Event: 3.851 Thread 0x000001ee62e1acc0 nmethod 835 0x000001ee661a7d10 code [0x000001ee661a7ec0, 0x000001ee661a8008]
Event: 3.852 Thread 0x000001ee62e1acc0  837       3       jdk.internal.org.objectweb.asm.Type::<init> (26 bytes)
Event: 3.852 Thread 0x000001ee62e1acc0 nmethod 837 0x000001ee661a8110 code [0x000001ee661a82c0, 0x000001ee661a8450]
Event: 3.852 Thread 0x000001ee62e1acc0  838       3       jdk.internal.org.objectweb.asm.Handler::getExceptionTableLength (21 bytes)
Event: 3.852 Thread 0x000001ee62e1acc0 nmethod 838 0x000001ee661a8510 code [0x000001ee661a86c0, 0x000001ee661a8858]
Event: 3.853 Thread 0x000001ee62e1acc0  840       3       java.lang.StringBuilder::append (8 bytes)
Event: 3.853 Thread 0x000001ee62e1acc0 nmethod 840 0x000001ee661a8990 code [0x000001ee661a8b40, 0x000001ee661a8c90]
Event: 3.853 Thread 0x000001ee62e1acc0  841       3       java.lang.AbstractStringBuilder::append (55 bytes)
Event: 3.854 Thread 0x000001ee62e1acc0 nmethod 841 0x000001ee661a8d10 code [0x000001ee661a8f00, 0x000001ee661a9248]
Event: 3.854 Thread 0x000001ee62e1acc0  842       3       jdk.internal.org.objectweb.asm.MethodWriter::visitMethodInsn (191 bytes)
Event: 3.854 Thread 0x000001ee62e18ab0 nmethod 832 0x000001ee6db93f10 code [0x000001ee6db940c0, 0x000001ee6db94400]
Event: 3.856 Thread 0x000001ee62dff450 nmethod 830% 0x000001ee6db94690 code [0x000001ee6db94840, 0x000001ee6db94fd0]

GC Heap History (0 events):
No events

Dll operation events (8 events):
Event: 0.015 Loaded shared library c:\Users\welcome\.vscode\extensions\redhat.java-1.54.0-win32-x64\jre\21.0.10-win32-x86_64\bin\java.dll
Event: 0.145 Loaded shared library c:\Users\welcome\.vscode\extensions\redhat.java-1.54.0-win32-x64\jre\21.0.10-win32-x86_64\bin\zip.dll
Event: 0.181 Loaded shared library C:\Users\welcome\.vscode\extensions\redhat.java-1.54.0-win32-x64\jre\21.0.10-win32-x86_64\bin\instrument.dll
Event: 0.194 Loaded shared library C:\Users\welcome\.vscode\extensions\redhat.java-1.54.0-win32-x64\jre\21.0.10-win32-x86_64\bin\net.dll
Event: 0.200 Loaded shared library C:\Users\welcome\.vscode\extensions\redhat.java-1.54.0-win32-x64\jre\21.0.10-win32-x86_64\bin\nio.dll
Event: 0.205 Loaded shared library C:\Users\welcome\.vscode\extensions\redhat.java-1.54.0-win32-x64\jre\21.0.10-win32-x86_64\bin\zip.dll
Event: 0.438 Loaded shared library C:\Users\welcome\.vscode\extensions\redhat.java-1.54.0-win32-x64\jre\21.0.10-win32-x86_64\bin\jimage.dll
Event: 0.594 Loaded shared library c:\Users\welcome\.vscode\extensions\redhat.java-1.54.0-win32-x64\jre\21.0.10-win32-x86_64\bin\verify.dll

Deoptimization events (20 events):
Event: 1.755 Thread 0x000001ee62e6e210 DEOPT PACKING pc=0x000001ee66168a04 sp=0x000000d77edfdb60
Event: 2.767 Thread 0x000001ee62e6e210 DEOPT UNPACKING pc=0x000001ee6d5f78e2 sp=0x000000d77edfcfb8 mode 0
Event: 3.801 Thread 0x000001ee62e6e210 DEOPT PACKING pc=0x000001ee66168a04 sp=0x000000d77edfdbf0
Event: 3.801 Thread 0x000001ee62e6e210 DEOPT UNPACKING pc=0x000001ee6d5f78e2 sp=0x000000d77edfd048 mode 0
Event: 3.801 Thread 0x000001ee62e6e210 Uncommon trap: trap_request=0xffffff6e fr.pc=0x000001ee6db80068 relative=0x0000000000000348
Event: 3.801 Thread 0x000001ee62e6e210 Uncommon trap: reason=loop_limit_check action=maybe_recompile pc=0x000001ee6db80068 method=java.math.BigInteger.implMulAdd([I[IIII)I @ 26 c2
Event: 3.801 Thread 0x000001ee62e6e210 DEOPT PACKING pc=0x000001ee6db80068 sp=0x000000d77edfdb70
Event: 3.801 Thread 0x000001ee62e6e210 DEOPT UNPACKING pc=0x000001ee6d5f6da2 sp=0x000000d77edfdac0 mode 2
Event: 3.837 Thread 0x000001ee62e6e210 Uncommon trap: trap_request=0xffffff45 fr.pc=0x000001ee6db847ac relative=0x000000000000008c
Event: 3.837 Thread 0x000001ee62e6e210 Uncommon trap: reason=unstable_if action=reinterpret pc=0x000001ee6db847ac method=jdk.internal.misc.Unsafe.convEndian(ZI)I @ 4 c2
Event: 3.837 Thread 0x000001ee62e6e210 DEOPT PACKING pc=0x000001ee6db847ac sp=0x000000d77edfded0
Event: 3.837 Thread 0x000001ee62e6e210 DEOPT UNPACKING pc=0x000001ee6d5f6da2 sp=0x000000d77edfde00 mode 2
Event: 3.839 Thread 0x000001ee62e6e210 Uncommon trap: trap_request=0xffffff45 fr.pc=0x000001ee6db73e3c relative=0x000000000000065c
Event: 3.839 Thread 0x000001ee62e6e210 Uncommon trap: reason=unstable_if action=reinterpret pc=0x000001ee6db73e3c method=java.lang.AbstractStringBuilder.append(Ljava/lang/String;)Ljava/lang/AbstractStringBuilder; @ 1 c2
Event: 3.839 Thread 0x000001ee62e6e210 DEOPT PACKING pc=0x000001ee6db73e3c sp=0x000000d77edfe230
Event: 3.839 Thread 0x000001ee62e6e210 DEOPT UNPACKING pc=0x000001ee6d5f6da2 sp=0x000000d77edfe1c0 mode 2
Event: 3.839 Thread 0x000001ee62e6e210 Uncommon trap: trap_request=0xffffff45 fr.pc=0x000001ee6db773b0 relative=0x0000000000000650
Event: 3.839 Thread 0x000001ee62e6e210 Uncommon trap: reason=unstable_if action=reinterpret pc=0x000001ee6db773b0 method=java.lang.AbstractStringBuilder.append(Ljava/lang/String;)Ljava/lang/AbstractStringBuilder; @ 1 c2
Event: 3.839 Thread 0x000001ee62e6e210 DEOPT PACKING pc=0x000001ee6db773b0 sp=0x000000d77edfe1e0
Event: 3.839 Thread 0x000001ee62e6e210 DEOPT UNPACKING pc=0x000001ee6d5f6da2 sp=0x000000d77edfe1c8 mode 2

Classes loaded (20 events):
Event: 3.837 Loading class sun/net/www/MimeTable$DefaultInstanceHolder$1
Event: 3.837 Loading class sun/net/www/MimeTable$DefaultInstanceHolder$1 done
Event: 3.838 Loading class sun/net/www/MimeEntry
Event: 3.838 Loading class sun/net/www/MimeEntry done
Event: 3.841 Loading class java/util/regex/Pattern$1MatcherIterator
Event: 3.841 Loading class java/util/regex/Pattern$1MatcherIterator done
Event: 3.842 Loading class java/util/ImmutableCollections$Access
Event: 3.842 Loading class java/util/ImmutableCollections$Access done
Event: 3.842 Loading class java/util/ImmutableCollections$Access$1
Event: 3.842 Loading class jdk/internal/access/JavaUtilCollectionAccess
Event: 3.842 Loading class jdk/internal/access/JavaUtilCollectionAccess done
Event: 3.842 Loading class java/util/ImmutableCollections$Access$1 done
Event: 3.844 Loading class java/util/stream/Nodes$SpinedNodeBuilder
Event: 3.844 Loading class java/util/stream/SpinedBuffer
Event: 3.844 Loading class java/util/stream/AbstractSpinedBuffer
Event: 3.844 Loading class java/util/stream/AbstractSpinedBuffer done
Event: 3.844 Loading class java/util/stream/SpinedBuffer done
Event: 3.844 Loading class java/util/stream/Nodes$SpinedNodeBuilder done
Event: 3.849 Loading class java/lang/invoke/DirectMethodHandle$Special
Event: 3.849 Loading class java/lang/invoke/DirectMethodHandle$Special done

Classes unloaded (0 events):
No events

Classes redefined (0 events):
No events

Internal exceptions (20 events):
Event: 0.490 Thread 0x000001ee62e6e210 Exception <a 'java/lang/NoSuchMethodError'{0x00000000d59dd0a8}: 'java.lang.Object java.lang.invoke.DirectMethodHandle$Holder.invokeStatic(java.lang.Object, java.lang.Object, java.lang.Object, java.lang.Object, int)'> (0x00000000d59dd0a8) 
thrown [s\src\hotspot\share\interpreter\linkResolver.cpp, line 773]
Event: 0.492 Thread 0x000001ee62e6e210 Exception <a 'java/lang/NoSuchMethodError'{0x00000000d59e8550}: 'void java.lang.invoke.DelegatingMethodHandle$Holder.reinvoke_L(java.lang.Object, java.lang.Object, java.lang.Object, int, java.lang.Object)'> (0x00000000d59e8550) 
thrown [s\src\hotspot\share\interpreter\linkResolver.cpp, line 773]
Event: 0.495 Thread 0x000001ee62e6e210 Exception <a 'java/lang/NoSuchMethodError'{0x00000000d59f8ea0}: 'int java.lang.invoke.DirectMethodHandle$Holder.invokeSpecial(java.lang.Object, java.lang.Object, java.lang.Object)'> (0x00000000d59f8ea0) 
thrown [s\src\hotspot\share\interpreter\linkResolver.cpp, line 773]
Event: 0.498 Thread 0x000001ee62e6e210 Exception <a 'java/lang/NoSuchMethodError'{0x00000000d5a04b60}: 'java.lang.Object java.lang.invoke.DirectMethodHandle$Holder.invokeStatic(java.lang.Object, java.lang.Object, int)'> (0x00000000d5a04b60) 
thrown [s\src\hotspot\share\interpreter\linkResolver.cpp, line 773]
Event: 0.499 Thread 0x000001ee62e6e210 Exception <a 'java/lang/NoSuchMethodError'{0x00000000d5a094b0}: 'void java.lang.invoke.DirectMethodHandle$Holder.invokeStatic(java.lang.Object, java.lang.Object, int, java.lang.Object)'> (0x00000000d5a094b0) 
thrown [s\src\hotspot\share\interpreter\linkResolver.cpp, line 773]
Event: 0.499 Thread 0x000001ee62e6e210 Exception <a 'java/lang/NoSuchMethodError'{0x00000000d5a0d040}: 'void java.lang.invoke.DirectMethodHandle$Holder.invokeSpecial(java.lang.Object, java.lang.Object, java.lang.Object, int, java.lang.Object)'> (0x00000000d5a0d040) 
thrown [s\src\hotspot\share\interpreter\linkResolver.cpp, line 773]
Event: 0.499 Thread 0x000001ee62e6e210 Exception <a 'java/lang/NoSuchMethodError'{0x00000000d5a104b0}: 'void java.lang.invoke.DelegatingMethodHandle$Holder.delegate(java.lang.Object, java.lang.Object, int, java.lang.Object)'> (0x00000000d5a104b0) 
thrown [s\src\hotspot\share\interpreter\linkResolver.cpp, line 773]
Event: 0.621 Thread 0x000001ee62e6e210 Exception <a 'java/lang/NoSuchMethodError'{0x00000000d5bd09b8}: 'void java.lang.invoke.DelegatingMethodHandle$Holder.reinvoke_L(java.lang.Object, java.lang.Object, java.lang.Object, int)'> (0x00000000d5bd09b8) 
thrown [s\src\hotspot\share\interpreter\linkResolver.cpp, line 773]
Event: 1.704 Thread 0x000001ee62e6e210 Exception <a 'java/lang/NoSuchMethodError'{0x00000000d60615d0}: 'void java.lang.invoke.DirectMethodHandle$Holder.invokeVirtual(java.lang.Object, java.lang.Object)'> (0x00000000d60615d0) 
thrown [s\src\hotspot\share\interpreter\linkResolver.cpp, line 773]
Event: 3.820 Thread 0x000001ee62e6e210 Exception <a 'java/lang/NoSuchMethodError'{0x00000000d6447050}: 'void java.lang.invoke.DirectMethodHandle$Holder.invokeStatic(java.lang.Object, java.lang.Object)'> (0x00000000d6447050) 
thrown [s\src\hotspot\share\interpreter\linkResolver.cpp, line 773]
Event: 3.822 Thread 0x000001ee62e6e210 Exception <a 'java/lang/ClassNotFoundException'{0x00000000d646f148}: sun/net/www/protocol/c/Handler> (0x00000000d646f148) 
thrown [s\src\hotspot\share\classfile\systemDictionary.cpp, line 312]
Event: 3.836 Thread 0x000001ee62e6e210 Exception <a 'java/io/FileNotFoundException'{0x00000000d64d64a8}> (0x00000000d64d64a8) 
thrown [s\src\hotspot\share\prims\jni.cpp, line 520]
Event: 3.836 Thread 0x000001ee62e6e210 Exception <a 'java/io/FileNotFoundException'{0x00000000d64d77d8}> (0x00000000d64d77d8) 
thrown [s\src\hotspot\share\prims\jni.cpp, line 520]
Event: 3.836 Thread 0x000001ee62e6e210 Exception <a 'java/io/FileNotFoundException'{0x00000000d64d8458}> (0x00000000d64d8458) 
thrown [s\src\hotspot\share\prims\jni.cpp, line 520]
Event: 3.837 Thread 0x000001ee62e6e210 Exception <a 'java/io/FileNotFoundException'{0x00000000d64d8fb8}> (0x00000000d64d8fb8) 
thrown [s\src\hotspot\share\prims\jni.cpp, line 520]
Event: 3.839 Thread 0x000001ee62e6e210 Implicit null exception at 0x000001ee6db73824 to 0x000001ee6db73e24
Event: 3.839 Thread 0x000001ee62e6e210 Implicit null exception at 0x000001ee6db76da0 to 0x000001ee6db77398
Event: 3.840 Thread 0x000001ee62e6e210 Exception <a 'java/io/FileNotFoundException'{0x00000000d6513158}> (0x00000000d6513158) 
thrown [s\src\hotspot\share\prims\jni.cpp, line 520]
Event: 3.849 Thread 0x000001ee62e6e210 Exception <a 'java/lang/NoSuchMethodError'{0x00000000d654daf0}: 'java.lang.Object java.lang.invoke.DirectMethodHandle$Holder.invokeInterface(java.lang.Object, java.lang.Object)'> (0x00000000d654daf0) 
thrown [s\src\hotspot\share\interpreter\linkResolver.cpp, line 773]
Event: 3.852 Thread 0x000001ee62e6e210 Exception <a 'java/lang/NoSuchMethodError'{0x00000000d6561088}: 'java.lang.Object java.lang.invoke.Invokers$Holder.invokeExact_MT(java.lang.Object, java.lang.Object, java.lang.Object, java.lang.Object, java.lang.Object, java.lang.Object)'> (0x00000000d6561088) 
thrown [s\src\hotspot\share\interpreter\linkResolver.cpp, line 773]

ZGC Phase Switch (0 events):
No events

VM Operations (14 events):
Event: 0.143 Executing non-safepoint VM operation: HandshakeAllThreads (Deoptimize)
Event: 0.143 Executing non-safepoint VM operation: HandshakeAllThreads (Deoptimize) done
Event: 0.459 Executing non-safepoint VM operation: HandshakeAllThreads (Deoptimize)
Event: 0.459 Executing non-safepoint VM operation: HandshakeAllThreads (Deoptimize) done
Event: 1.474 Executing safepoint VM operation: Cleanup
Event: 1.474 Executing safepoint VM operation: Cleanup done
Event: 2.480 Executing safepoint VM operation: Cleanup
Event: 3.801 Executing safepoint VM operation: Cleanup done
Event: 3.807 Executing non-safepoint VM operation: HandshakeAllThreads (Deoptimize)
Event: 3.807 Executing non-safepoint VM operation: HandshakeAllThreads (Deoptimize) done
Event: 3.816 Executing non-safepoint VM operation: HandshakeAllThreads (Deoptimize)
Event: 3.816 Executing non-safepoint VM operation: HandshakeAllThreads (Deoptimize) done
Event: 4.816 Executing safepoint VM operation: Cleanup
Event: 4.877 Executing safepoint VM operation: Cleanup done

Memory protections (0 events):
No events

Nmethod flushes (0 events):
No events

Events (13 events):
Event: 0.044 Thread 0x000001ee62e6e210 Thread added: 0x000001ee62e6e210
Event: 0.069 Thread 0x000001ee62e6e210 Thread added: 0x000001ee62f2b610
Event: 0.069 Thread 0x000001ee62e6e210 Thread added: 0x000001ee62f2dd20
Event: 0.070 Thread 0x000001ee62e6e210 Thread added: 0x000001ee62de8fb0
Event: 0.070 Thread 0x000001ee62e6e210 Thread added: 0x000001ee62dedb30
Event: 0.070 Thread 0x000001ee62e6e210 Thread added: 0x000001ee62defaf0
Event: 0.070 Thread 0x000001ee62e6e210 Thread added: 0x000001ee62df1440
Event: 0.070 Thread 0x000001ee62e6e210 Thread added: 0x000001ee62dff450
Event: 0.070 Thread 0x000001ee62e6e210 Thread added: 0x000001ee62e1acc0
Event: 0.188 Thread 0x000001ee62e6e210 Thread added: 0x000001ee4521af20
Event: 0.663 Thread 0x000001ee62e6e210 Thread added: 0x000001ee4521b5b0
Event: 1.720 Thread 0x000001ee62e1acc0 Thread added: 0x000001ee62e19850
Event: 1.751 Thread 0x000001ee62e1acc0 Thread added: 0x000001ee62e18ab0


Dynamic libraries:
0x00007ff69bcf0000 - 0x00007ff69bcfe000 	c:\Users\welcome\.vscode\extensions\redhat.java-1.54.0-win32-x64\jre\21.0.10-win32-x86_64\bin\java.exe
0x00007fff26680000 - 0x00007fff268e7000 	C:\WINDOWS\SYSTEM32\ntdll.dll
0x00007fff25c40000 - 0x00007fff25d09000 	C:\WINDOWS\System32\KERNEL32.DLL
0x00007fff23380000 - 0x00007fff23777000 	C:\WINDOWS\System32\KERNELBASE.dll
0x00007fff230b0000 - 0x00007fff231fb000 	C:\WINDOWS\System32\ucrtbase.dll
0x00007fff197a0000 - 0x00007fff197be000 	c:\Users\welcome\.vscode\extensions\redhat.java-1.54.0-win32-x64\jre\21.0.10-win32-x86_64\bin\VCRUNTIME140.dll
0x00007fff19040000 - 0x00007fff19058000 	c:\Users\welcome\.vscode\extensions\redhat.java-1.54.0-win32-x64\jre\21.0.10-win32-x86_64\bin\jli.dll
0x00007fff24650000 - 0x00007fff24816000 	C:\WINDOWS\System32\USER32.dll
0x00007fff24310000 - 0x00007fff24337000 	C:\WINDOWS\System32\win32u.dll
0x00007fff24a60000 - 0x00007fff24a8b000 	C:\WINDOWS\System32\GDI32.dll
0x00007fff241e0000 - 0x00007fff2430c000 	C:\WINDOWS\System32\gdi32full.dll
0x00007fff23780000 - 0x00007fff23823000 	C:\WINDOWS\System32\msvcp_win.dll
0x00007ffefd8d0000 - 0x00007ffefdb62000 	C:\WINDOWS\WinSxS\amd64_microsoft.windows.common-controls_6595b64144ccf1df_6.0.26100.8457_none_3e0b2faee331e92d\COMCTL32.dll
0x00007fff24820000 - 0x00007fff248c9000 	C:\WINDOWS\System32\msvcrt.dll
0x00007fff24bb0000 - 0x00007fff24be2000 	C:\WINDOWS\System32\IMM32.DLL
0x00007fff1a950000 - 0x00007fff1a95c000 	c:\Users\welcome\.vscode\extensions\redhat.java-1.54.0-win32-x64\jre\21.0.10-win32-x86_64\bin\vcruntime140_1.dll
0x00007fff14fb0000 - 0x00007fff1503d000 	c:\Users\welcome\.vscode\extensions\redhat.java-1.54.0-win32-x64\jre\21.0.10-win32-x86_64\bin\msvcp140.dll
0x00007ffea2530000 - 0x00007ffea32d1000 	c:\Users\welcome\.vscode\extensions\redhat.java-1.54.0-win32-x64\jre\21.0.10-win32-x86_64\bin\server\jvm.dll
0x00007fff24590000 - 0x00007fff24646000 	C:\WINDOWS\System32\ADVAPI32.dll
0x00007fff25d10000 - 0x00007fff25db7000 	C:\WINDOWS\System32\sechost.dll
0x00007fff255a0000 - 0x00007fff256b8000 	C:\WINDOWS\System32\RPCRT4.dll
0x00007fff248d0000 - 0x00007fff24950000 	C:\WINDOWS\System32\WS2_32.dll
0x00007fff22f10000 - 0x00007fff22f6e000 	C:\WINDOWS\SYSTEM32\POWRPROF.dll
0x00007fff0de10000 - 0x00007fff0de46000 	C:\WINDOWS\SYSTEM32\WINMM.dll
0x00007fff1c4a0000 - 0x00007fff1c4ab000 	C:\WINDOWS\SYSTEM32\VERSION.dll
0x00007fff22ef0000 - 0x00007fff22f04000 	C:\WINDOWS\SYSTEM32\UMPDC.dll
0x00007fff21e20000 - 0x00007fff21e3b000 	C:\WINDOWS\SYSTEM32\kernel.appcore.dll
0x00007fff16c90000 - 0x00007fff16c9a000 	c:\Users\welcome\.vscode\extensions\redhat.java-1.54.0-win32-x64\jre\21.0.10-win32-x86_64\bin\jimage.dll
0x00007fff20700000 - 0x00007fff20942000 	C:\WINDOWS\SYSTEM32\DBGHELP.DLL
0x00007fff258b0000 - 0x00007fff25c33000 	C:\WINDOWS\System32\combase.dll
0x00007fff25440000 - 0x00007fff25519000 	C:\WINDOWS\System32\OLEAUT32.dll
0x00007ffef6b90000 - 0x00007ffef6bcb000 	C:\WINDOWS\SYSTEM32\dbgcore.DLL
0x00007fff23830000 - 0x00007fff238d8000 	C:\WINDOWS\System32\bcryptPrimitives.dll
0x00007fff1e7f0000 - 0x00007fff1e7ff000 	c:\Users\welcome\.vscode\extensions\redhat.java-1.54.0-win32-x64\jre\21.0.10-win32-x86_64\bin\instrument.dll
0x00007fff16930000 - 0x00007fff16950000 	c:\Users\welcome\.vscode\extensions\redhat.java-1.54.0-win32-x64\jre\21.0.10-win32-x86_64\bin\java.dll
0x00007fff25ec0000 - 0x00007fff2662e000 	C:\WINDOWS\System32\SHELL32.dll
0x00007fff238e0000 - 0x00007fff2414c000 	C:\WINDOWS\System32\windows.storage.dll
0x00007fff24960000 - 0x00007fff24a56000 	C:\WINDOWS\System32\SHCORE.dll
0x00007fff24b40000 - 0x00007fff24ba6000 	C:\WINDOWS\System32\shlwapi.dll
0x00007fff22fd0000 - 0x00007fff22ff9000 	C:\WINDOWS\SYSTEM32\profapi.dll
0x00007fff16910000 - 0x00007fff16928000 	c:\Users\welcome\.vscode\extensions\redhat.java-1.54.0-win32-x64\jre\21.0.10-win32-x86_64\bin\zip.dll
0x00007fff16c70000 - 0x00007fff16c80000 	C:\Users\welcome\.vscode\extensions\redhat.java-1.54.0-win32-x64\jre\21.0.10-win32-x86_64\bin\net.dll
0x00007fff1afb0000 - 0x00007fff1b0d9000 	C:\WINDOWS\SYSTEM32\WINHTTP.dll
0x00007fff223b0000 - 0x00007fff2241c000 	C:\WINDOWS\system32\mswsock.dll
0x00007fff15cb0000 - 0x00007fff15cc6000 	C:\Users\welcome\.vscode\extensions\redhat.java-1.54.0-win32-x64\jre\21.0.10-win32-x86_64\bin\nio.dll
0x00007fff1a4f0000 - 0x00007fff1a500000 	c:\Users\welcome\.vscode\extensions\redhat.java-1.54.0-win32-x64\jre\21.0.10-win32-x86_64\bin\verify.dll

JVMTI agents:
c:\Users\welcome\.vscode\extensions\redhat.java-1.54.0-win32-x64\lombok\lombok-1.18.39-4050.jar path:c:\Users\welcome\.vscode\extensions\redhat.java-1.54.0-win32-x64\jre\21.0.10-win32-x86_64\bin\instrument.dll, loaded, initialized, instrumentlib options:none

dbghelp: loaded successfully - version: 4.0.5 - missing functions: none
symbol engine: initialized successfully - sym options: 0x614 - pdb path: .;c:\Users\welcome\.vscode\extensions\redhat.java-1.54.0-win32-x64\jre\21.0.10-win32-x86_64\bin;C:\WINDOWS\SYSTEM32;C:\WINDOWS\WinSxS\amd64_microsoft.windows.common-controls_6595b64144ccf1df_6.0.26100.8457_none_3e0b2faee331e92d;c:\Users\welcome\.vscode\extensions\redhat.java-1.54.0-win32-x64\jre\21.0.10-win32-x86_64\bin\server

VM Arguments:
jvm_args: --add-modules=ALL-SYSTEM --add-opens=java.base/java.util=ALL-UNNAMED --add-opens=java.base/java.lang=ALL-UNNAMED --add-opens=java.base/sun.nio.fs=ALL-UNNAMED -Declipse.application=org.eclipse.jdt.ls.core.id1 -Dosgi.bundles.defaultStartLevel=4 -Declipse.product=org.eclipse.jdt.ls.core.product -Djava.import.generatesMetadataFilesAtProjectRoot=false -DDetectVMInstallationsJob.disabled=true -Dfile.encoding=utf8 -XX:+UseParallelGC -XX:GCTimeRatio=4 -XX:AdaptiveSizePolicyWeight=90 -Dsun.zip.disableMemoryMapping=true -Xmx2G -Xms100m -Xlog:disable -javaagent:c:\Users\welcome\.vscode\extensions\redhat.java-1.54.0-win32-x64\lombok\lombok-1.18.39-4050.jar -XX:+HeapDumpOnOutOfMemoryError -XX:HeapDumpPath=c:\Users\welcome\AppData\Roaming\Code\User\workspaceStorage\516c3c7fa515dde9b4f0dad9b16ca6d3\redhat.java -Daether.dependencyCollector.impl=bf 
java_command: c:\Users\welcome\.vscode\extensions\redhat.java-1.54.0-win32-x64\server\plugins\org.eclipse.equinox.launcher_1.7.100.v20251111-0406.jar -configuration c:\Users\welcome\AppData\Roaming\Code\User\globalStorage\redhat.java\1.54.0\config_win -data c:\Users\welcome\AppData\Roaming\Code\User\workspaceStorage\516c3c7fa515dde9b4f0dad9b16ca6d3\redhat.java\jdt_ws --pipe=\\.\pipe\lsp-22c802f15421daf23a83fbac96c6d9d9-sock
java_class_path (initial): c:\Users\welcome\.vscode\extensions\redhat.java-1.54.0-win32-x64\server\plugins\org.eclipse.equinox.launcher_1.7.100.v20251111-0406.jar
Launcher Type: SUN_STANDARD

[Global flags]
    uintx AdaptiveSizePolicyWeight                 = 90                                        {product} {command line}
     intx CICompilerCount                          = 4                                         {product} {ergonomic}
    uintx GCTimeRatio                              = 4                                         {product} {command line}
     bool HeapDumpOnOutOfMemoryError               = true                                   {manageable} {command line}
    ccstr HeapDumpPath                             = c:\Users\welcome\AppData\Roaming\Code\User\workspaceStorage\516c3c7fa515dde9b4f0dad9b16ca6d3\redhat.java         {manageable} {command line}
   size_t InitialHeapSize                          = 104857600                                 {product} {command line}
   size_t MaxHeapSize                              = 2147483648                                {product} {command line}
   size_t MaxNewSize                               = 715653120                                 {product} {ergonomic}
   size_t MinHeapDeltaBytes                        = 524288                                    {product} {ergonomic}
   size_t MinHeapSize                              = 104857600                                 {product} {command line}
   size_t NewSize                                  = 34603008                                  {product} {ergonomic}
    uintx NonNMethodCodeHeapSize                   = 5839372                                {pd product} {ergonomic}
    uintx NonProfiledCodeHeapSize                  = 122909434                              {pd product} {ergonomic}
   size_t OldSize                                  = 70254592                                  {product} {ergonomic}
    uintx ProfiledCodeHeapSize                     = 122909434                              {pd product} {ergonomic}
    uintx ReservedCodeCacheSize                    = 251658240                              {pd product} {ergonomic}
     bool SegmentedCodeCache                       = true                                      {product} {ergonomic}
   size_t SoftMaxHeapSize                          = 2147483648                             {manageable} {ergonomic}
     bool UseCompressedOops                        = true                           {product lp64_product} {ergonomic}
     bool UseLargePagesIndividualAllocation        = false                                  {pd product} {ergonomic}
     bool UseParallelGC                            = true                                      {product} {command line}

Logging:
Log output configuration:
 #0: stdout all=off uptime,level,tags foldmultilines=false
 #1: stderr all=off uptime,level,tags foldmultilines=false

Release file:
JAVA_VERSION="21.0.10" 
MODULES="java.base java.compiler java.datatransfer java.xml java.prefs java.desktop java.instrument java.logging java.management java.security.sasl java.naming java.rmi java.management.rmi java.net.http java.scripting java.security.jgss java.transaction.xa java.sql java.sql.rowset java.xml.crypto java.se java.smartcardio jdk.accessibility jdk.internal.jvmstat jdk.attach jdk.charsets jdk.internal.opt jdk.zipfs jdk.compiler jdk.crypto.ec jdk.crypto.cryptoki jdk.crypto.mscapi jdk.dynalink jdk.internal.ed jdk.editpad jdk.hotspot.agent jdk.httpserver jdk.internal.le jdk.internal.vm.ci jdk.internal.vm.compiler jdk.internal.vm.compiler.management jdk.jartool jdk.javadoc jdk.jcmd jdk.management jdk.management.agent jdk.jconsole jdk.jdeps jdk.jdwp.agent jdk.jdi jdk.jfr jdk.jshell jdk.jsobject jdk.jstatd jdk.localedata jdk.management.jfr jdk.naming.dns jdk.naming.rmi jdk.net jdk.nio.mapmode jdk.random jdk.sctp jdk.security.auth jdk.security.jgss jdk.unsupported jdk.unsupported.desktop jdk.xml.dom" 

Environment Variables:
JAVA_HOME=C:\Program Files\Java\jdk-26.0.1\
PATH=C:\Program Files\Common Files\Oracle\Java\javapath;C:\Python314\Scripts\;C:\Python314\;C:\Program Files\Python313\Scripts\;C:\Program Files\Python313\;C:\WINDOWS\system32;C:\WINDOWS;C:\WINDOWS\System32\Wbem;C:\WINDOWS\System32\WindowsPowerShell\v1.0\;C:\WINDOWS\System32\OpenSSH\;C:\Program Files\Git\cmd;C:\Program Files\NVIDIA Corporation\NVIDIA App\NvDLISR;C:\Program Files (x86)\NVIDIA Corporation\PhysX\Common;C:\ProgramData\chocolatey\bin;C:\Program Files\nodejs\;C:\Program Files\Java\jdk-26.0.1\bin;C:\Program Files\Apache\Maven\apache-maven-3.9.16\bin;C:\Program Files\MySQL\MySQL Shell 8.0\bin\;C:\Users\welcome\AppData\Local\Microsoft\WindowsApps;C:\Users\welcome\AppData\Local\GitHubDesktop\bin;C:\Users\welcome\AppData\Local\Programs\Microsoft VS Code\bin;C:\Users\welcome\AppData\Roaming\npm
USERNAME=welcome
OS=Windows_NT
PROCESSOR_IDENTIFIER=Intel64 Family 6 Model 140 Stepping 2, GenuineIntel
TMP=C:\Users\welcome\AppData\Local\Temp
TEMP=C:\Users\welcome\AppData\Local\Temp




Periodic native trim disabled

---------------  S Y S T E M  ---------------

OS:
 Windows 11 , 64 bit Build 26100 (10.0.26100.8328)
OS uptime: 0 days 6:23 hours
Hyper-V role detected

CPU: total 8 (initial active 8) (4 cores per cpu, 2 threads per core) family 6 model 140 stepping 2 microcode 0x26, cx8, cmov, fxsr, ht, mmx, 3dnowpref, sse, sse2, sse3, ssse3, sse4.1, sse4.2, popcnt, lzcnt, tsc, tscinvbit, avx, avx2, aes, erms, clmul, bmi1, bmi2, adx, avx512f, avx512dq, avx512cd, avx512bw, avx512vl, sha, fma, vzeroupper, avx512_vpopcntdq, avx512_vpclmulqdq, avx512_vaes, avx512_vnni, clflush, clflushopt, clwb, avx512_vbmi2, avx512_vbmi, hv, rdtscp, rdpid, fsrm, gfni, avx512_bitalg, f16c, cet_ibt, cet_ss, avx512_ifma
Processor Information for the first 8 processors :
  Max Mhz: 3187, Current Mhz: 3187, Mhz Limit: 3187

Memory: 4k page, system-wide physical 7975M (1227M free)
TotalPageFile size 26574M (AvailPageFile size 5M)
current process WorkingSet (physical memory assigned to process): 69M, peak: 69M
current process commit charge ("private bytes"): 234M, peak: 235M

vm_info: OpenJDK 64-Bit Server VM (21.0.10+7-LTS) for windows-amd64 JRE (21.0.10+7-LTS), built on 2026-01-20T00:00:00Z by "admin" with MS VC++ 17.12 (VS2022)

END.
